#
# There is insufficient memory for the Java Runtime Environment to continue.
# Native memory allocation (malloc) failed to allocate 803456 bytes for Chunk::new
# Possible reasons:
#   The system is out of physical RAM or swap space
#   The process is running with CompressedOops enabled, and the Java Heap may be blocking the growth of the native heap
# Possible solutions:
#   Reduce memory load on the system
#   Increase physical memory or swap space
#   Check if swap backing store is full
#   Decrease Java heap size (-Xmx/-Xms)
#   Decrease number of Java threads
#   Decrease Java thread stack sizes (-Xss)
#   Set larger code cache with -XX:ReservedCodeCacheSize=
#   JVM is running with Unscaled Compressed Oops mode in which the Java heap is
#     placed in the first 4GB address space. The Java Heap base address is the
#     maximum limit for the native heap growth. Please use -XX:HeapBaseMinAddress
#     to set the Java Heap base and to place the Java Heap above 4GB virtual address.
# This output file may be truncated or incomplete.
#
#  Out of Memory Error (arena.cpp:189), pid=14668, tid=8928
#
# JRE version: Java(TM) SE Runtime Environment (17.0.5+9) (build 17.0.5+9-LTS-191)
# Java VM: Java HotSpot(TM) 64-Bit Server VM (17.0.5+9-LTS-191, mixed mode, sharing, tiered, compressed oops, compressed class ptrs, g1 gc, windows-amd64)
# No core dump will be written. Minidumps are not enabled by default on client versions of Windows
#

---------------  S U M M A R Y ------------

Command Line: view.GiaoDienQuanLy

Host: Intel(R) Core(TM) i5-1035G1 CPU @ 1.00GHz, 8 cores, 7G,  Windows 11 , 64 bit Build 22000 (10.0.22000.1219)
Time: Tue Dec  6 01:23:45 2022 SE Asia Standard Time elapsed time: 13.107992 seconds (0d 0h 0m 13s)

---------------  T H R E A D  ---------------

Current thread (0x0000026b350b6e40):  JavaThread "C2 CompilerThread0" daemon [_thread_in_native, id=8928, stack(0x00000094fb900000,0x00000094fba00000)]


Current CompileTask:
C2:  13108 4273 %     4       sun.java2d.marlin.Renderer::_endRendering @ 1927 (2480 bytes)

Stack: [0x00000094fb900000,0x00000094fba00000]
Native frames: (J=compiled Java code, j=interpreted, Vv=VM code, C=native code)
V  [jvm.dll+0x672eea]
V  [jvm.dll+0x7d2a04]
V  [jvm.dll+0x7d41ae]
V  [jvm.dll+0x7d4813]
V  [jvm.dll+0x242c15]
V  [jvm.dll+0xaa57b]
V  [jvm.dll+0xaab0c]
V  [jvm.dll+0x35ff97]
V  [jvm.dll+0x1b9902]
V  [jvm.dll+0x215e19]
V  [jvm.dll+0x2150e1]
V  [jvm.dll+0x1a18ed]
V  [jvm.dll+0x22493a]
V  [jvm.dll+0x222aa5]
V  [jvm.dll+0x7885db]
V  [jvm.dll+0x782b4a]
V  [jvm.dll+0x671d75]
C  [ucrtbase.dll+0x26c0c]
C  [KERNEL32.DLL+0x15550]
C  [ntdll.dll+0x485b]


---------------  P R O C E S S  ---------------

Threads class SMR info:
_java_thread_list=0x0000026b3c23dd20, length=18, elements={
0x0000026b35096d00, 0x0000026b350978b0, 0x0000026b350b2de0, 0x0000026b350b3790,
0x0000026b350b4140, 0x0000026b350b4af0, 0x0000026b350b6e40, 0x0000026b350b8250,
0x0000026b350dffc0, 0x0000026b35cecd00, 0x0000026b35cf7cb0, 0x0000026b35ffe5e0,
0x0000026b360d2840, 0x0000026b360a4700, 0x0000026b3617a020, 0x0000026b170d3f90,
0x0000026b36677500, 0x0000026b366761c0
}

Java Threads: ( => current thread )
  0x0000026b35096d00 JavaThread "Reference Handler" daemon [_thread_blocked, id=8956, stack(0x00000094fb300000,0x00000094fb400000)]
  0x0000026b350978b0 JavaThread "Finalizer" daemon [_thread_blocked, id=9392, stack(0x00000094fb400000,0x00000094fb500000)]
  0x0000026b350b2de0 JavaThread "Signal Dispatcher" daemon [_thread_blocked, id=3048, stack(0x00000094fb500000,0x00000094fb600000)]
  0x0000026b350b3790 JavaThread "Attach Listener" daemon [_thread_blocked, id=14488, stack(0x00000094fb600000,0x00000094fb700000)]
  0x0000026b350b4140 JavaThread "Service Thread" daemon [_thread_blocked, id=4896, stack(0x00000094fb700000,0x00000094fb800000)]
  0x0000026b350b4af0 JavaThread "Monitor Deflation Thread" daemon [_thread_blocked, id=9248, stack(0x00000094fb800000,0x00000094fb900000)]
=>0x0000026b350b6e40 JavaThread "C2 CompilerThread0" daemon [_thread_in_native, id=8928, stack(0x00000094fb900000,0x00000094fba00000)]
  0x0000026b350b8250 JavaThread "C1 CompilerThread0" daemon [_thread_blocked, id=14496, stack(0x00000094fba00000,0x00000094fbb00000)]
  0x0000026b350dffc0 JavaThread "Sweeper thread" daemon [_thread_blocked, id=4132, stack(0x00000094fbb00000,0x00000094fbc00000)]
  0x0000026b35cecd00 JavaThread "Notification Thread" daemon [_thread_blocked, id=10976, stack(0x00000094fbc00000,0x00000094fbd00000)]
  0x0000026b35cf7cb0 JavaThread "Common-Cleaner" daemon [_thread_blocked, id=9516, stack(0x00000094fbe00000,0x00000094fbf00000)]
  0x0000026b35ffe5e0 JavaThread "Java2D Disposer" daemon [_thread_blocked, id=13176, stack(0x00000094fc000000,0x00000094fc100000)]
  0x0000026b360d2840 JavaThread "AWT-Shutdown" [_thread_blocked, id=2704, stack(0x00000094fc100000,0x00000094fc200000)]
  0x0000026b360a4700 JavaThread "AWT-Windows" daemon [_thread_in_native, id=8528, stack(0x00000094fc200000,0x00000094fc300000)]
  0x0000026b3617a020 JavaThread "AWT-EventQueue-0" [_thread_blocked, id=10868, stack(0x00000094fc300000,0x00000094fc400000)]
  0x0000026b170d3f90 JavaThread "DestroyJavaVM" [_thread_blocked, id=2512, stack(0x00000094fac00000,0x00000094fad00000)]
  0x0000026b36677500 JavaThread "Hibernate Connection Pool Validation Thread" daemon [_thread_blocked, id=1972, stack(0x00000094fbf00000,0x00000094fc000000)]
  0x0000026b366761c0 JavaThread "TimerQueue" daemon [_thread_blocked, id=11196, stack(0x00000094fc400000,0x00000094fc500000)]

Other Threads:
  0x0000026b3508e6b0 VMThread "VM Thread" [stack: 0x00000094fb200000,0x00000094fb300000] [id=15920]
  0x0000026b35cf3a10 WatcherThread [stack: 0x00000094fbd00000,0x00000094fbe00000] [id=10532]
  0x0000026b1712f050 GCTaskThread "GC Thread#0" [stack: 0x00000094fad00000,0x00000094fae00000] [id=15832]
  0x0000026b391bc820 GCTaskThread "GC Thread#1" [stack: 0x00000094fc500000,0x00000094fc600000] [id=12244]
  0x0000026b390a5450 GCTaskThread "GC Thread#2" [stack: 0x00000094fc600000,0x00000094fc700000] [id=2932]
  0x0000026b390a5700 GCTaskThread "GC Thread#3" [stack: 0x00000094fc700000,0x00000094fc800000] [id=15564]
  0x0000026b39121860 GCTaskThread "GC Thread#4" [stack: 0x00000094fc800000,0x00000094fc900000] [id=15716]
  0x0000026b39121f20 GCTaskThread "GC Thread#5" [stack: 0x00000094fc900000,0x00000094fca00000] [id=15644]
  0x0000026b39155160 GCTaskThread "GC Thread#6" [stack: 0x00000094fca00000,0x00000094fcb00000] [id=12964]
  0x0000026b39155410 GCTaskThread "GC Thread#7" [stack: 0x00000094fcb00000,0x00000094fcc00000] [id=9132]
  0x0000026b1713fa30 ConcurrentGCThread "G1 Main Marker" [stack: 0x00000094fae00000,0x00000094faf00000] [id=16228]
  0x0000026b17141450 ConcurrentGCThread "G1 Conc#0" [stack: 0x00000094faf00000,0x00000094fb000000] [id=7992]
  0x0000026b3928c7c0 ConcurrentGCThread "G1 Conc#1" [stack: 0x00000094fd000000,0x00000094fd100000] [id=15264]
  0x0000026b34f500a0 ConcurrentGCThread "G1 Refine#0" [stack: 0x00000094fb000000,0x00000094fb100000] [id=13032]
  0x0000026b35ffc4c0 ConcurrentGCThread "G1 Refine#1" [stack: 0x00000094fcc00000,0x00000094fcd00000] [id=14268]
  0x0000026b35ffcfb0 ConcurrentGCThread "G1 Refine#2" [stack: 0x00000094fcd00000,0x00000094fce00000] [id=9788]
  0x0000026b360ef2a0 ConcurrentGCThread "G1 Refine#3" [stack: 0x00000094fce00000,0x00000094fcf00000] [id=5020]
  0x0000026b3620b170 ConcurrentGCThread "G1 Refine#4" [stack: 0x00000094fcf00000,0x00000094fd000000] [id=1340]
  0x0000026b34f50ac0 ConcurrentGCThread "G1 Service" [stack: 0x00000094fb100000,0x00000094fb200000] [id=5264]

Threads with active compile tasks:
C2 CompilerThread0    13138 4273 %     4       sun.java2d.marlin.Renderer::_endRendering @ 1927 (2480 bytes)

VM state: not at safepoint (normal execution)

VM Mutex/Monitor currently owned by a thread: None

Heap address: 0x0000000083600000, size: 1994 MB, Compressed Oops mode: 32-bit

CDS archive(s) mapped at: [0x0000000800000000-0x0000000800bd0000-0x0000000800bd0000), size 12386304, SharedBaseAddress: 0x0000000800000000, ArchiveRelocationMode: 0.
Compressed class space mapped at: 0x0000000800c00000-0x0000000840c00000, reserved size: 1073741824
Narrow klass base: 0x0000000800000000, Narrow klass shift: 0, Narrow klass range: 0x100000000

GC Precious Log:
 CPUs: 8 total, 8 available
 Memory: 7969M
 Large Page Support: Disabled
 NUMA Support: Disabled
 Compressed Oops: Enabled (32-bit)
 Heap Region Size: 1M
 Heap Min Capacity: 8M
 Heap Initial Capacity: 126M
 Heap Max Capacity: 1994M
 Pre-touch: Disabled
 Parallel Workers: 8
 Concurrent Workers: 2
 Concurrent Refinement Workers: 8
 Periodic GC: Disabled

Heap:
 garbage-first heap   total 65536K, used 34660K [0x0000000083600000, 0x0000000100000000)
  region size 1024K, 15 young (15360K), 2 survivors (2048K)
 Metaspace       used 44989K, committed 45312K, reserved 1089536K
  class space    used 5931K, committed 6080K, reserved 1048576K

Heap Regions: E=young(eden), S=young(survivor), O=old, HS=humongous(starts), HC=humongous(continues), CS=collection set, F=free, OA=open archive, CA=closed archive, TAMS=top-at-mark-start (previous, next)
|   0|0x0000000083600000, 0x0000000083700000, 0x0000000083700000|100%|HS|  |TAMS 0x0000000083700000, 0x0000000083600000| Complete 
|   1|0x0000000083700000, 0x0000000083800000, 0x0000000083800000|100%|HS|  |TAMS 0x0000000083800000, 0x0000000083700000| Complete 
|   2|0x0000000083800000, 0x0000000083900000, 0x0000000083900000|100%|HC|  |TAMS 0x0000000083900000, 0x0000000083800000| Complete 
|   3|0x0000000083900000, 0x0000000083a00000, 0x0000000083a00000|100%|HC|  |TAMS 0x0000000083a00000, 0x0000000083900000| Complete 
|   4|0x0000000083a00000, 0x0000000083b00000, 0x0000000083b00000|100%|HC|  |TAMS 0x0000000083b00000, 0x0000000083a00000| Complete 
|   5|0x0000000083b00000, 0x0000000083c00000, 0x0000000083c00000|100%|HC|  |TAMS 0x0000000083c00000, 0x0000000083b00000| Complete 
|   6|0x0000000083c00000, 0x0000000083d00000, 0x0000000083d00000|100%|HC|  |TAMS 0x0000000083d00000, 0x0000000083c00000| Complete 
|   7|0x0000000083d00000, 0x0000000083e00000, 0x0000000083e00000|100%|HC|  |TAMS 0x0000000083e00000, 0x0000000083d00000| Complete 
|   8|0x0000000083e00000, 0x0000000083f00000, 0x0000000083f00000|100%|HC|  |TAMS 0x0000000083f00000, 0x0000000083e00000| Complete 
|   9|0x0000000083f00000, 0x0000000084000000, 0x0000000084000000|100%| O|  |TAMS 0x0000000084000000, 0x0000000083f00000| Untracked 
|  10|0x0000000084000000, 0x0000000084100000, 0x0000000084100000|100%| O|  |TAMS 0x0000000084100000, 0x0000000084000000| Untracked 
|  11|0x0000000084100000, 0x0000000084200000, 0x0000000084200000|100%| O|  |TAMS 0x0000000084200000, 0x0000000084100000| Untracked 
|  12|0x0000000084200000, 0x0000000084300000, 0x0000000084300000|100%| O|  |TAMS 0x0000000084300000, 0x0000000084200000| Untracked 
|  13|0x0000000084300000, 0x0000000084400000, 0x0000000084400000|100%| O|  |TAMS 0x0000000084400000, 0x0000000084300000| Untracked 
|  14|0x0000000084400000, 0x0000000084500000, 0x0000000084500000|100%| O|  |TAMS 0x0000000084500000, 0x0000000084400000| Untracked 
|  15|0x0000000084500000, 0x0000000084600000, 0x0000000084600000|100%| O|  |TAMS 0x0000000084600000, 0x0000000084500000| Untracked 
|  16|0x0000000084600000, 0x0000000084700000, 0x0000000084700000|100%| O|  |TAMS 0x0000000084600000, 0x0000000084600000| Untracked 
|  17|0x0000000084700000, 0x0000000084800000, 0x0000000084800000|100%| O|  |TAMS 0x0000000084700000, 0x0000000084700000| Untracked 
|  18|0x0000000084800000, 0x0000000084900000, 0x0000000084900000|100%| O|  |TAMS 0x0000000084800000, 0x0000000084800000| Untracked 
|  19|0x0000000084900000, 0x00000000849f3400, 0x0000000084a00000| 95%| O|  |TAMS 0x0000000084900000, 0x0000000084900000| Untracked 
|  20|0x0000000084a00000, 0x0000000084a00000, 0x0000000084b00000|  0%| F|  |TAMS 0x0000000084a00000, 0x0000000084a00000| Untracked 
|  21|0x0000000084b00000, 0x0000000084b00000, 0x0000000084c00000|  0%| F|  |TAMS 0x0000000084b00000, 0x0000000084b00000| Untracked 
|  22|0x0000000084c00000, 0x0000000084c00000, 0x0000000084d00000|  0%| F|  |TAMS 0x0000000084c00000, 0x0000000084c00000| Untracked 
|  23|0x0000000084d00000, 0x0000000084d00000, 0x0000000084e00000|  0%| F|  |TAMS 0x0000000084d00000, 0x0000000084d00000| Untracked 
|  24|0x0000000084e00000, 0x0000000084e00000, 0x0000000084f00000|  0%| F|  |TAMS 0x0000000084e00000, 0x0000000084e00000| Untracked 
|  25|0x0000000084f00000, 0x0000000084f00000, 0x0000000085000000|  0%| F|  |TAMS 0x0000000084f00000, 0x0000000084f00000| Untracked 
|  26|0x0000000085000000, 0x0000000085000000, 0x0000000085100000|  0%| F|  |TAMS 0x0000000085000000, 0x0000000085000000| Untracked 
|  27|0x0000000085100000, 0x0000000085100000, 0x0000000085200000|  0%| F|  |TAMS 0x0000000085100000, 0x0000000085100000| Untracked 
|  28|0x0000000085200000, 0x0000000085200000, 0x0000000085300000|  0%| F|  |TAMS 0x0000000085200000, 0x0000000085200000| Untracked 
|  29|0x0000000085300000, 0x0000000085300000, 0x0000000085400000|  0%| F|  |TAMS 0x0000000085300000, 0x0000000085300000| Untracked 
|  30|0x0000000085400000, 0x0000000085400000, 0x0000000085500000|  0%| F|  |TAMS 0x0000000085400000, 0x0000000085400000| Untracked 
|  31|0x0000000085500000, 0x0000000085500000, 0x0000000085600000|  0%| F|  |TAMS 0x0000000085500000, 0x0000000085500000| Untracked 
|  32|0x0000000085600000, 0x0000000085600000, 0x0000000085700000|  0%| F|  |TAMS 0x0000000085600000, 0x0000000085600000| Untracked 
|  33|0x0000000085700000, 0x0000000085700000, 0x0000000085800000|  0%| F|  |TAMS 0x0000000085700000, 0x0000000085700000| Untracked 
|  34|0x0000000085800000, 0x0000000085800000, 0x0000000085900000|  0%| F|  |TAMS 0x0000000085800000, 0x0000000085800000| Untracked 
|  35|0x0000000085900000, 0x00000000859e5fb0, 0x0000000085a00000| 89%| S|CS|TAMS 0x0000000085900000, 0x0000000085900000| Complete 
|  36|0x0000000085a00000, 0x0000000085b00000, 0x0000000085b00000|100%| S|CS|TAMS 0x0000000085a00000, 0x0000000085a00000| Complete 
|  37|0x0000000085b00000, 0x0000000085b00000, 0x0000000085c00000|  0%| F|  |TAMS 0x0000000085b00000, 0x0000000085b00000| Untracked 
|  38|0x0000000085c00000, 0x0000000085c00000, 0x0000000085d00000|  0%| F|  |TAMS 0x0000000085c00000, 0x0000000085c00000| Untracked 
|  39|0x0000000085d00000, 0x0000000085d00000, 0x0000000085e00000|  0%| F|  |TAMS 0x0000000085d00000, 0x0000000085d00000| Untracked 
|  40|0x0000000085e00000, 0x0000000085e00000, 0x0000000085f00000|  0%| F|  |TAMS 0x0000000085e00000, 0x0000000085e00000| Untracked 
|  41|0x0000000085f00000, 0x0000000085f00000, 0x0000000086000000|  0%| F|  |TAMS 0x0000000085f00000, 0x0000000085f00000| Untracked 
|  42|0x0000000086000000, 0x0000000086000000, 0x0000000086100000|  0%| F|  |TAMS 0x0000000086000000, 0x0000000086000000| Untracked 
|  43|0x0000000086100000, 0x0000000086100000, 0x0000000086200000|  0%| F|  |TAMS 0x0000000086100000, 0x0000000086100000| Untracked 
|  44|0x0000000086200000, 0x0000000086200000, 0x0000000086300000|  0%| F|  |TAMS 0x0000000086200000, 0x0000000086200000| Untracked 
|  45|0x0000000086300000, 0x0000000086300000, 0x0000000086400000|  0%| F|  |TAMS 0x0000000086300000, 0x0000000086300000| Untracked 
|  46|0x0000000086400000, 0x0000000086400000, 0x0000000086500000|  0%| F|  |TAMS 0x0000000086400000, 0x0000000086400000| Untracked 
|  47|0x0000000086500000, 0x0000000086500000, 0x0000000086600000|  0%| F|  |TAMS 0x0000000086500000, 0x0000000086500000| Untracked 
|  48|0x0000000086600000, 0x0000000086600000, 0x0000000086700000|  0%| F|  |TAMS 0x0000000086600000, 0x0000000086600000| Untracked 
|  49|0x0000000086700000, 0x0000000086700000, 0x0000000086800000|  0%| F|  |TAMS 0x0000000086700000, 0x0000000086700000| Untracked 
|  50|0x0000000086800000, 0x0000000086800000, 0x0000000086900000|  0%| F|  |TAMS 0x0000000086800000, 0x0000000086800000| Untracked 
|  51|0x0000000086900000, 0x0000000086980800, 0x0000000086a00000| 50%| E|  |TAMS 0x0000000086900000, 0x0000000086900000| Complete 
|  52|0x0000000086a00000, 0x0000000086b00000, 0x0000000086b00000|100%| E|CS|TAMS 0x0000000086a00000, 0x0000000086a00000| Complete 
|  53|0x0000000086b00000, 0x0000000086c00000, 0x0000000086c00000|100%| E|CS|TAMS 0x0000000086b00000, 0x0000000086b00000| Complete 
|  54|0x0000000086c00000, 0x0000000086d00000, 0x0000000086d00000|100%| E|CS|TAMS 0x0000000086c00000, 0x0000000086c00000| Complete 
|  55|0x0000000086d00000, 0x0000000086e00000, 0x0000000086e00000|100%| E|CS|TAMS 0x0000000086d00000, 0x0000000086d00000| Complete 
|  56|0x0000000086e00000, 0x0000000086f00000, 0x0000000086f00000|100%| E|CS|TAMS 0x0000000086e00000, 0x0000000086e00000| Complete 
|  57|0x0000000086f00000, 0x0000000087000000, 0x0000000087000000|100%| E|CS|TAMS 0x0000000086f00000, 0x0000000086f00000| Complete 
|  58|0x0000000087000000, 0x0000000087100000, 0x0000000087100000|100%| E|CS|TAMS 0x0000000087000000, 0x0000000087000000| Complete 
|  59|0x0000000087100000, 0x0000000087200000, 0x0000000087200000|100%| E|CS|TAMS 0x0000000087100000, 0x0000000087100000| Complete 
|  60|0x0000000087200000, 0x0000000087300000, 0x0000000087300000|100%| E|CS|TAMS 0x0000000087200000, 0x0000000087200000| Complete 
| 123|0x000000008b100000, 0x000000008b200000, 0x000000008b200000|100%| E|CS|TAMS 0x000000008b100000, 0x000000008b100000| Complete 
| 124|0x000000008b200000, 0x000000008b300000, 0x000000008b300000|100%| E|CS|TAMS 0x000000008b200000, 0x000000008b200000| Complete 
| 125|0x000000008b300000, 0x000000008b400000, 0x000000008b400000|100%| E|CS|TAMS 0x000000008b300000, 0x000000008b300000| Complete 

Card table byte_map: [0x0000026b2e070000,0x0000026b2e460000] _byte_map_base: 0x0000026b2dc55000

Marking Bits (Prev, Next): (CMBitMap*) 0x0000026b1712f660, (CMBitMap*) 0x0000026b1712f6a0
 Prev Bits: [0x0000026b2e850000, 0x0000026b30778000)
 Next Bits: [0x0000026b30780000, 0x0000026b326a8000)

Polling page: 0x0000026b150d0000

Metaspace:

Usage:
  Non-class:     38.14 MB used.
      Class:      5.79 MB used.
       Both:     43.93 MB used.

Virtual space:
  Non-class space:       40.00 MB reserved,      38.31 MB ( 96%) committed,  5 nodes.
      Class space:        1.00 GB reserved,       5.94 MB ( <1%) committed,  1 nodes.
             Both:        1.04 GB reserved,      44.25 MB (  4%) committed. 

Chunk freelists:
   Non-Class:  1.01 MB
       Class:  2.09 MB
        Both:  3.10 MB

MaxMetaspaceSize: unlimited
CompressedClassSpaceSize: 1.00 GB
Initial GC threshold: 21.00 MB
Current GC threshold: 59.00 MB
CDS: on
MetaspaceReclaimPolicy: balanced
 - commit_granule_bytes: 65536.
 - commit_granule_words: 8192.
 - virtual_space_node_default_size: 1048576.
 - enlarge_chunks_in_place: 1.
 - new_chunks_are_fully_committed: 0.
 - uncommit_free_chunks: 1.
 - use_allocation_guard: 0.
 - handle_deallocations: 1.


Internal statistics:

num_allocs_failed_limit: 6.
num_arena_births: 330.
num_arena_deaths: 0.
num_vsnodes_births: 6.
num_vsnodes_deaths: 0.
num_space_committed: 708.
num_space_uncommitted: 0.
num_chunks_returned_to_freelist: 6.
num_chunks_taken_from_freelist: 1448.
num_chunk_merges: 3.
num_chunk_splits: 1027.
num_chunks_enlarged: 783.
num_purges: 0.
num_inconsistent_stats: 0.

CodeHeap 'non-profiled nmethods': size=120000Kb used=1694Kb max_used=1694Kb free=118305Kb
 bounds [0x0000026b26420000, 0x0000026b26690000, 0x0000026b2d950000]
CodeHeap 'profiled nmethods': size=120000Kb used=8483Kb max_used=8483Kb free=111516Kb
 bounds [0x0000026b1eef0000, 0x0000026b1f740000, 0x0000026b26420000]
CodeHeap 'non-nmethods': size=5760Kb used=1493Kb max_used=1529Kb free=4267Kb
 bounds [0x0000026b1e950000, 0x0000026b1ebc0000, 0x0000026b1eef0000]
 total_blobs=5132 nmethods=4279 adapters=765
 compilation: enabled
              stopped_count=0, restarted_count=0
 full_count=0

Compilation events (20 events):
Event: 13.034 Thread 0x0000026b350b8250 nmethod 4270 0x0000026b265c7890 code [0x0000026b265c7a20, 0x0000026b265c7af8]
Event: 13.034 Thread 0x0000026b350b8250 4271       3       sun.java2d.marlin.TransformingPathConsumer2D$PathClipFilter::curveTo (274 bytes)
Event: 13.034 Thread 0x0000026b350b6e40 4273 %     4       sun.java2d.marlin.Renderer::_endRendering @ 1927 (2480 bytes)
Event: 13.035 Thread 0x0000026b350b8250 nmethod 4271 0x0000026b1f734190 code [0x0000026b1f7343c0, 0x0000026b1f734b58]
Event: 13.035 Thread 0x0000026b350b8250 4272       3       sun.java2d.marlin.Renderer::curveTo (84 bytes)
Event: 13.035 Thread 0x0000026b350b8250 nmethod 4272 0x0000026b1f734e90 code [0x0000026b1f735100, 0x0000026b1f735598]
Event: 13.036 Thread 0x0000026b350b8250 4274       3       sun.java2d.SunGraphics2D::transformShape (36 bytes)
Event: 13.037 Thread 0x0000026b350b8250 nmethod 4274 0x0000026b1f735910 code [0x0000026b1f735ae0, 0x0000026b1f735d38]
Event: 13.081 Thread 0x0000026b350b8250 4275       3       java.awt.KeyboardFocusManager::checkKFMSecurity (11 bytes)
Event: 13.082 Thread 0x0000026b350b8250 nmethod 4275 0x0000026b1f735e10 code [0x0000026b1f736020, 0x0000026b1f736618]
Event: 13.082 Thread 0x0000026b350b8250 4276       3       javax.swing.DefaultButtonModel::isPressed (15 bytes)
Event: 13.082 Thread 0x0000026b350b8250 nmethod 4276 0x0000026b1f736810 code [0x0000026b1f7369a0, 0x0000026b1f736b18]
Event: 13.084 Thread 0x0000026b350b8250 4277       3       java.awt.Component::getGraphics (124 bytes)
Event: 13.085 Thread 0x0000026b350b8250 nmethod 4277 0x0000026b1f736b90 code [0x0000026b1f736e00, 0x0000026b1f7379c8]
Event: 13.085 Thread 0x0000026b350b8250 4278       3       java.awt.geom.Rectangle2D$Double::getBounds2D (24 bytes)
Event: 13.085 Thread 0x0000026b350b8250 nmethod 4278 0x0000026b1f737c90 code [0x0000026b1f737e40, 0x0000026b1f738008]
Event: 13.085 Thread 0x0000026b350b8250 4279       3       javax.swing.DefaultButtonModel::isRollover (16 bytes)
Event: 13.086 Thread 0x0000026b350b8250 nmethod 4279 0x0000026b1f738110 code [0x0000026b1f7382a0, 0x0000026b1f738418]
Event: 13.087 Thread 0x0000026b350b8250 4280       3       sun.java2d.marlin.IntArrayCache$Reference::putArray (55 bytes)
Event: 13.088 Thread 0x0000026b350b8250 nmethod 4280 0x0000026b1f738490 code [0x0000026b1f738680, 0x0000026b1f738bc8]

GC Heap History (12 events):
Event: 1.888 GC heap before
{Heap before GC invocations=0 (full 0):
 garbage-first heap   total 129024K, used 31744K [0x0000000083600000, 0x0000000100000000)
  region size 1024K, 23 young (23552K), 0 survivors (0K)
 Metaspace       used 14772K, committed 15040K, reserved 1064960K
  class space    used 1772K, committed 1920K, reserved 1048576K
}
Event: 1.893 GC heap after
{Heap after GC invocations=1 (full 0):
 garbage-first heap   total 129024K, used 16437K [0x0000000083600000, 0x0000000100000000)
  region size 1024K, 3 young (3072K), 3 survivors (3072K)
 Metaspace       used 14772K, committed 15040K, reserved 1064960K
  class space    used 1772K, committed 1920K, reserved 1048576K
}
Event: 2.396 GC heap before
{Heap before GC invocations=1 (full 0):
 garbage-first heap   total 129024K, used 34869K [0x0000000083600000, 0x0000000100000000)
  region size 1024K, 22 young (22528K), 3 survivors (3072K)
 Metaspace       used 21235K, committed 21504K, reserved 1073152K
  class space    used 2641K, committed 2816K, reserved 1048576K
}
Event: 2.399 GC heap after
{Heap after GC invocations=2 (full 0):
 garbage-first heap   total 129024K, used 18193K [0x0000000083600000, 0x0000000100000000)
  region size 1024K, 2 young (2048K), 2 survivors (2048K)
 Metaspace       used 21235K, committed 21504K, reserved 1073152K
  class space    used 2641K, committed 2816K, reserved 1048576K
}
Event: 2.401 GC heap before
{Heap before GC invocations=2 (full 0):
 garbage-first heap   total 129024K, used 18193K [0x0000000083600000, 0x0000000100000000)
  region size 1024K, 3 young (3072K), 2 survivors (2048K)
 Metaspace       used 21260K, committed 21504K, reserved 1073152K
  class space    used 2643K, committed 2816K, reserved 1048576K
}
Event: 2.403 GC heap after
{Heap after GC invocations=3 (full 0):
 garbage-first heap   total 129024K, used 18230K [0x0000000083600000, 0x0000000100000000)
  region size 1024K, 2 young (2048K), 2 survivors (2048K)
 Metaspace       used 21260K, committed 21504K, reserved 1073152K
  class space    used 2643K, committed 2816K, reserved 1048576K
}
Event: 3.947 GC heap before
{Heap before GC invocations=4 (full 0):
 garbage-first heap   total 65536K, used 50998K [0x0000000083600000, 0x0000000100000000)
  region size 1024K, 35 young (35840K), 2 survivors (2048K)
 Metaspace       used 34160K, committed 34432K, reserved 1081344K
  class space    used 4375K, committed 4480K, reserved 1048576K
}
Event: 3.952 GC heap after
{Heap after GC invocations=5 (full 0):
 garbage-first heap   total 65536K, used 20692K [0x0000000083600000, 0x0000000100000000)
  region size 1024K, 5 young (5120K), 5 survivors (5120K)
 Metaspace       used 34160K, committed 34432K, reserved 1081344K
  class space    used 4375K, committed 4480K, reserved 1048576K
}
Event: 4.132 GC heap before
{Heap before GC invocations=5 (full 0):
 garbage-first heap   total 65536K, used 26836K [0x0000000083600000, 0x0000000100000000)
  region size 1024K, 13 young (13312K), 5 survivors (5120K)
 Metaspace       used 35944K, committed 36160K, reserved 1081344K
  class space    used 4737K, committed 4864K, reserved 1048576K
}
Event: 4.138 GC heap after
{Heap after GC invocations=6 (full 0):
 garbage-first heap   total 65536K, used 21350K [0x0000000083600000, 0x0000000100000000)
  region size 1024K, 1 young (1024K), 1 survivors (1024K)
 Metaspace       used 35944K, committed 36160K, reserved 1081344K
  class space    used 4737K, committed 4864K, reserved 1048576K
}
Event: 4.642 GC heap before
{Heap before GC invocations=7 (full 0):
 garbage-first heap   total 65536K, used 46950K [0x0000000083600000, 0x0000000100000000)
  region size 1024K, 27 young (27648K), 1 survivors (1024K)
 Metaspace       used 41683K, committed 41984K, reserved 1089536K
  class space    used 5610K, committed 5760K, reserved 1048576K
}
Event: 4.645 GC heap after
{Heap after GC invocations=8 (full 0):
 garbage-first heap   total 65536K, used 22372K [0x0000000083600000, 0x0000000100000000)
  region size 1024K, 2 young (2048K), 2 survivors (2048K)
 Metaspace       used 41683K, committed 41984K, reserved 1089536K
  class space    used 5610K, committed 5760K, reserved 1048576K
}

Deoptimization events (20 events):
Event: 5.047 Thread 0x0000026b3617a020 DEOPT PACKING pc=0x0000026b1f637689 sp=0x00000094fc3fbc00
Event: 5.047 Thread 0x0000026b3617a020 DEOPT UNPACKING pc=0x0000026b1e9a66e3 sp=0x00000094fc3fb088 mode 0
Event: 5.071 Thread 0x0000026b3617a020 DEOPT PACKING pc=0x0000026b1f63b192 sp=0x00000094fc3fcd30
Event: 5.071 Thread 0x0000026b3617a020 DEOPT UNPACKING pc=0x0000026b1e9a66e3 sp=0x00000094fc3fc1e8 mode 0
Event: 5.071 Thread 0x0000026b3617a020 DEOPT PACKING pc=0x0000026b1f63b192 sp=0x00000094fc3fcd30
Event: 5.071 Thread 0x0000026b3617a020 DEOPT UNPACKING pc=0x0000026b1e9a66e3 sp=0x00000094fc3fc1e8 mode 0
Event: 5.072 Thread 0x0000026b3617a020 DEOPT PACKING pc=0x0000026b1f63b192 sp=0x00000094fc3fcd30
Event: 5.072 Thread 0x0000026b3617a020 DEOPT UNPACKING pc=0x0000026b1e9a66e3 sp=0x00000094fc3fc1e8 mode 0
Event: 5.072 Thread 0x0000026b3617a020 DEOPT PACKING pc=0x0000026b1f63b192 sp=0x00000094fc3fcd30
Event: 5.072 Thread 0x0000026b3617a020 DEOPT UNPACKING pc=0x0000026b1e9a66e3 sp=0x00000094fc3fc1e8 mode 0
Event: 5.072 Thread 0x0000026b3617a020 DEOPT PACKING pc=0x0000026b1f63b192 sp=0x00000094fc3fcd30
Event: 5.072 Thread 0x0000026b3617a020 DEOPT UNPACKING pc=0x0000026b1e9a66e3 sp=0x00000094fc3fc1e8 mode 0
Event: 5.072 Thread 0x0000026b3617a020 DEOPT PACKING pc=0x0000026b1f63b192 sp=0x00000094fc3fcd30
Event: 5.072 Thread 0x0000026b3617a020 DEOPT UNPACKING pc=0x0000026b1e9a66e3 sp=0x00000094fc3fc1e8 mode 0
Event: 5.073 Thread 0x0000026b3617a020 DEOPT PACKING pc=0x0000026b1f63b192 sp=0x00000094fc3fcd30
Event: 5.073 Thread 0x0000026b3617a020 DEOPT UNPACKING pc=0x0000026b1e9a66e3 sp=0x00000094fc3fc1e8 mode 0
Event: 12.106 Thread 0x0000026b3617a020 DEOPT PACKING pc=0x0000026b1f629472 sp=0x00000094fc3fd270
Event: 12.106 Thread 0x0000026b3617a020 DEOPT UNPACKING pc=0x0000026b1e9a66e3 sp=0x00000094fc3fc670 mode 0
Event: 13.087 Thread 0x0000026b3617a020 DEOPT PACKING pc=0x0000026b1f63eef7 sp=0x00000094fc3fd240
Event: 13.087 Thread 0x0000026b3617a020 DEOPT UNPACKING pc=0x0000026b1e9a66e3 sp=0x00000094fc3fc660 mode 0

Classes unloaded (0 events):
No events

Classes redefined (0 events):
No events

Internal exceptions (20 events):
Event: 4.331 Thread 0x0000026b3617a020 Exception <a 'java/lang/NoSuchMethodError'{0x0000000086cda158}: 'java.lang.Object java.lang.invoke.DirectMethodHandle$Holder.newInvokeSpecial(java.lang.Object, java.lang.Object, java.lang.Object, java.lang.Object, java.lang.Object, java.lang.Object)'> (0x0000000086cda158) 
thrown [s\open\src\hotspot\share\interpreter\linkResolver.cpp, line 759]
Event: 4.345 Thread 0x0000026b3617a020 Exception <a 'java/lang/NoSuchMethodError'{0x0000000086b65748}: 'int java.lang.invoke.DirectMethodHandle$Holder.invokeStatic(java.lang.Object, java.lang.Object, java.lang.Object, java.lang.Object, java.lang.Object)'> (0x0000000086b65748) 
thrown [s\open\src\hotspot\share\interpreter\linkResolver.cpp, line 759]
Event: 4.346 Thread 0x0000026b3617a020 Exception <a 'java/lang/NoSuchMethodError'{0x0000000086b79158}: 'java.lang.Object java.lang.invoke.DirectMethodHandle$Holder.newInvokeSpecial(java.lang.Object, java.lang.Object, java.lang.Object, java.lang.Object, java.lang.Object, java.lang.Object, java.lang.Object)'> (0x0000000086b79158) 
thrown [s\open\src\hotspot\share\interpreter\linkResolver.cpp, line 759]
Event: 4.347 Thread 0x0000026b3617a020 Exception <a 'java/lang/NoSuchMethodError'{0x0000000086b7dd10}: 'java.lang.Object java.lang.invoke.Invokers$Holder.linkToTargetMethod(java.lang.Object, java.lang.Object, java.lang.Object, java.lang.Object, java.lang.Object, java.lang.Object, java.lang.Object)'> (0x0000000086b7dd10) 
thrown [s\open\src\hotspot\share\interpreter\linkResolver.cpp, line 759]
Event: 4.395 Thread 0x0000026b3617a020 Exception <a 'java/lang/NoSuchMethodError'{0x0000000086930410}: 'java.lang.Object java.lang.invoke.DirectMethodHandle$Holder.newInvokeSpecial(java.lang.Object, java.lang.Object, java.lang.Object, java.lang.Object, java.lang.Object, java.lang.Object, java.lang.Object, int)'> (0x0000000086930410) 
thrown [s\open\src\hotspot\share\interpreter\linkResolver.cpp, line 759]
Event: 4.395 Thread 0x0000026b3617a020 Exception <a 'java/lang/NoSuchMethodError'{0x0000000086935a08}: 'java.lang.Object java.lang.invoke.DirectMethodHandle$Holder.invokeSpecial(java.lang.Object, java.lang.Object, java.lang.Object, java.lang.Object, java.lang.Object, java.lang.Object, java.lang.Object, java.lang.Object, int)'> (0x0000000086935a08) 
thrown [s\open\src\hotspot\share\interpreter\linkResolver.cpp, line 759]
Event: 4.431 Thread 0x0000026b3617a020 Exception <a 'java/lang/NoSuchMethodError'{0x00000000868c0a08}: 'java.lang.Object java.lang.invoke.DirectMethodHandle$Holder.newInvokeSpecial(java.lang.Object, java.lang.Object, int, java.lang.Object, int, java.lang.Object, java.lang.Object, java.lang.Object)'> (0x00000000868c0a08) 
thrown [s\open\src\hotspot\share\interpreter\linkResolver.cpp, line 759]
Event: 4.432 Thread 0x0000026b3617a020 Exception <a 'java/lang/NoSuchMethodError'{0x00000000868cdad0}: 'int java.lang.invoke.DirectMethodHandle$Holder.invokeSpecial(java.lang.Object, java.lang.Object, java.lang.Object, java.lang.Object, java.lang.Object, java.lang.Object)'> (0x00000000868cdad0) 
thrown [s\open\src\hotspot\share\interpreter\linkResolver.cpp, line 759]
Event: 4.443 Thread 0x0000026b3617a020 Exception <a 'java/lang/NoSuchMethodError'{0x0000000086721688}: 'void java.lang.invoke.DirectMethodHandle$Holder.invokeInterface(java.lang.Object, java.lang.Object)'> (0x0000000086721688) 
thrown [s\open\src\hotspot\share\interpreter\linkResolver.cpp, line 759]
Event: 4.466 Thread 0x0000026b3617a020 Exception <a 'java/lang/NoSuchMethodError'{0x0000000086619e20}: 'java.lang.Object java.lang.invoke.DirectMethodHandle$Holder.invokeStaticInit(java.lang.Object, java.lang.Object, java.lang.Object)'> (0x0000000086619e20) 
thrown [s\open\src\hotspot\share\interpreter\linkResolver.cpp, line 759]
Event: 4.678 Thread 0x0000026b3617a020 Exception <a 'java/lang/NoSuchMethodError'{0x000000008b1335f8}: 'int java.lang.invoke.DirectMethodHandle$Holder.invokeStatic(java.lang.Object)'> (0x000000008b1335f8) 
thrown [s\open\src\hotspot\share\interpreter\linkResolver.cpp, line 759]
Event: 4.698 Thread 0x0000026b3617a020 Exception <a 'java/lang/NoSuchMethodError'{0x000000008727b058}: 'int java.lang.invoke.DirectMethodHandle$Holder.invokeVirtual(java.lang.Object, java.lang.Object)'> (0x000000008727b058) 
thrown [s\open\src\hotspot\share\interpreter\linkResolver.cpp, line 759]
Event: 4.719 Thread 0x0000026b3617a020 Exception <a 'java/lang/NoSuchMethodError'{0x000000008701cc30}: 'java.lang.Object java.lang.invoke.DirectMethodHandle$Holder.invokeInterface(java.lang.Object, java.lang.Object, java.lang.Object)'> (0x000000008701cc30) 
thrown [s\open\src\hotspot\share\interpreter\linkResolver.cpp, line 759]
Event: 4.725 Thread 0x0000026b3617a020 Exception <a 'java/lang/NoSuchMethodError'{0x0000000087093520}: 'void java.lang.invoke.DirectMethodHandle$Holder.invokeStaticInit(java.lang.Object, java.lang.Object, java.lang.Object, java.lang.Object, java.lang.Object)'> (0x0000000087093520) 
thrown [s\open\src\hotspot\share\interpreter\linkResolver.cpp, line 759]
Event: 4.731 Thread 0x0000026b3617a020 Exception <a 'java/lang/NoSuchMethodError'{0x00000000870f90a8}: 'void java.lang.invoke.DirectMethodHandle$Holder.invokeInterface(java.lang.Object, java.lang.Object, java.lang.Object, java.lang.Object)'> (0x00000000870f90a8) 
thrown [s\open\src\hotspot\share\interpreter\linkResolver.cpp, line 759]
Event: 4.732 Thread 0x0000026b3617a020 Exception <a 'java/lang/IncompatibleClassChangeError'{0x00000000870fc7d8}: Found class java.lang.Object, but interface was expected> (0x00000000870fc7d8) 
thrown [s\open\src\hotspot\share\interpreter\linkResolver.cpp, line 826]
Event: 4.864 Thread 0x0000026b3617a020 Exception <a 'java/lang/NoSuchMethodError'{0x0000000086d14248}: 'void java.lang.invoke.DirectMethodHandle$Holder.invokeInterface(java.lang.Object, java.lang.Object, java.lang.Object)'> (0x0000000086d14248) 
thrown [s\open\src\hotspot\share\interpreter\linkResolver.cpp, line 759]
Event: 5.011 Thread 0x0000026b3617a020 Implicit null exception at 0x0000026b2659671f to 0x0000026b26596bd3
Event: 5.011 Thread 0x0000026b3617a020 Implicit null exception at 0x0000026b2659671f to 0x0000026b26596bd3
Event: 5.011 Thread 0x0000026b3617a020 Implicit null exception at 0x0000026b2659671f to 0x0000026b26596bd3

VM Operations (20 events):
Event: 4.708 Executing VM operation: HandshakeAllThreads
Event: 4.708 Executing VM operation: HandshakeAllThreads done
Event: 4.756 Executing VM operation: HandshakeAllThreads
Event: 4.756 Executing VM operation: HandshakeAllThreads done
Event: 5.039 Executing VM operation: ICBufferFull
Event: 5.039 Executing VM operation: ICBufferFull done
Event: 6.042 Executing VM operation: Cleanup
Event: 6.042 Executing VM operation: Cleanup done
Event: 7.053 Executing VM operation: Cleanup
Event: 7.053 Executing VM operation: Cleanup done
Event: 8.068 Executing VM operation: Cleanup
Event: 8.068 Executing VM operation: Cleanup done
Event: 10.087 Executing VM operation: Cleanup
Event: 10.087 Executing VM operation: Cleanup done
Event: 11.092 Executing VM operation: Cleanup
Event: 11.092 Executing VM operation: Cleanup done
Event: 12.095 Executing VM operation: Cleanup
Event: 12.095 Executing VM operation: Cleanup done
Event: 13.096 Executing VM operation: Cleanup
Event: 13.096 Executing VM operation: Cleanup done

Events (20 events):
Event: 7.872 loading class javax/swing/TimerQueue$DelayedTimer
Event: 7.872 loading class javax/swing/TimerQueue$DelayedTimer done
Event: 8.550 loading class javax/swing/Timer$1
Event: 8.550 loading class javax/swing/Timer$1 done
Event: 9.224 loading class sun/awt/DebugSettings
Event: 9.225 loading class sun/awt/DebugSettings done
Event: 9.225 loading class javax/swing/JComponent$KeyboardState
Event: 9.225 loading class javax/swing/JComponent$KeyboardState done
Event: 9.225 loading class javax/swing/JComponent$IntVector
Event: 9.225 loading class javax/swing/JComponent$IntVector done
Event: 9.226 loading class javax/swing/KeyboardManager
Event: 9.226 loading class javax/swing/KeyboardManager done
Event: 9.226 loading class javax/swing/Popup$HeavyWeightWindow
Event: 9.226 loading class sun/awt/ModalExclude
Event: 9.226 loading class sun/awt/ModalExclude done
Event: 9.226 loading class javax/swing/JWindow
Event: 9.226 loading class javax/swing/JWindow done
Event: 9.227 loading class javax/swing/Popup$HeavyWeightWindow done
Event: 10.345 loading class java/awt/LightweightDispatcher$2
Event: 10.345 loading class java/awt/LightweightDispatcher$2 done


Dynamic libraries:
0x00007ff7c2d40000 - 0x00007ff7c2d50000 	C:\Program Files\Java\jdk-17.0.5\bin\java.exe
0x00007ff94b360000 - 0x00007ff94b569000 	C:\WINDOWS\SYSTEM32\ntdll.dll
0x00007ff949660000 - 0x00007ff94971e000 	C:\WINDOWS\System32\KERNEL32.DLL
0x00007ff948830000 - 0x00007ff948bab000 	C:\WINDOWS\System32\KERNELBASE.dll
0x00007ff948e40000 - 0x00007ff948f51000 	C:\WINDOWS\System32\ucrtbase.dll
0x00007ff944e20000 - 0x00007ff944e3a000 	C:\Program Files\Java\jdk-17.0.5\bin\VCRUNTIME140.dll
0x00007ff934660000 - 0x00007ff934678000 	C:\Program Files\Java\jdk-17.0.5\bin\jli.dll
0x00007ff949400000 - 0x00007ff9494ae000 	C:\WINDOWS\System32\ADVAPI32.dll
0x00007ff949aa0000 - 0x00007ff949b43000 	C:\WINDOWS\System32\msvcrt.dll
0x00007ff94a3a0000 - 0x00007ff94a43e000 	C:\WINDOWS\System32\sechost.dll
0x00007ff94a770000 - 0x00007ff94a890000 	C:\WINDOWS\System32\RPCRT4.dll
0x00007ff94b090000 - 0x00007ff94b23d000 	C:\WINDOWS\System32\USER32.dll
0x00007ff9280a0000 - 0x00007ff928345000 	C:\WINDOWS\WinSxS\amd64_microsoft.windows.common-controls_6595b64144ccf1df_6.0.22000.120_none_9d947278b86cc467\COMCTL32.dll
0x00007ff948bb0000 - 0x00007ff948bd6000 	C:\WINDOWS\System32\win32u.dll
0x00007ff94aa80000 - 0x00007ff94aaa9000 	C:\WINDOWS\System32\GDI32.dll
0x00007ff9490c0000 - 0x00007ff9491d8000 	C:\WINDOWS\System32\gdi32full.dll
0x00007ff948f60000 - 0x00007ff948ffd000 	C:\WINDOWS\System32\msvcp_win.dll
0x00007ff9431a0000 - 0x00007ff9431aa000 	C:\WINDOWS\SYSTEM32\VERSION.dll
0x00007ff94aa40000 - 0x00007ff94aa72000 	C:\WINDOWS\System32\IMM32.DLL
0x00007ff944e10000 - 0x00007ff944e1c000 	C:\Program Files\Java\jdk-17.0.5\bin\vcruntime140_1.dll
0x00007ff91f760000 - 0x00007ff91f7ed000 	C:\Program Files\Java\jdk-17.0.5\bin\msvcp140.dll
0x00007ff8c43f0000 - 0x00007ff8c4fb2000 	C:\Program Files\Java\jdk-17.0.5\bin\server\jvm.dll
0x00007ff949570000 - 0x00007ff949578000 	C:\WINDOWS\System32\PSAPI.DLL
0x00007ff9425a0000 - 0x00007ff9425d3000 	C:\WINDOWS\SYSTEM32\WINMM.dll
0x00007ff944e40000 - 0x00007ff944e49000 	C:\WINDOWS\SYSTEM32\WSOCK32.dll
0x00007ff949580000 - 0x00007ff9495ef000 	C:\WINDOWS\System32\WS2_32.dll
0x00007ff9478b0000 - 0x00007ff9478c8000 	C:\WINDOWS\SYSTEM32\kernel.appcore.dll
0x00007ff9433b0000 - 0x00007ff9433ba000 	C:\Program Files\Java\jdk-17.0.5\bin\jimage.dll
0x00007ff946570000 - 0x00007ff946791000 	C:\WINDOWS\SYSTEM32\DBGHELP.DLL
0x00007ff92b280000 - 0x00007ff92b2b1000 	C:\WINDOWS\SYSTEM32\dbgcore.DLL
0x00007ff948c50000 - 0x00007ff948ccf000 	C:\WINDOWS\System32\bcryptPrimitives.dll
0x00007ff9345a0000 - 0x00007ff9345c5000 	C:\Program Files\Java\jdk-17.0.5\bin\java.dll
0x00007ff91f9a0000 - 0x00007ff91fa76000 	C:\Program Files\Java\jdk-17.0.5\bin\jsvml.dll
0x00007ff949b50000 - 0x00007ff94a308000 	C:\WINDOWS\System32\SHELL32.dll
0x00007ff946920000 - 0x00007ff947185000 	C:\WINDOWS\SYSTEM32\windows.storage.dll
0x00007ff949720000 - 0x00007ff949a98000 	C:\WINDOWS\System32\combase.dll
0x00007ff9467b0000 - 0x00007ff946916000 	C:\WINDOWS\SYSTEM32\wintypes.dll
0x00007ff94a680000 - 0x00007ff94a76a000 	C:\WINDOWS\System32\SHCORE.dll
0x00007ff94b2c0000 - 0x00007ff94b31d000 	C:\WINDOWS\System32\shlwapi.dll
0x00007ff948760000 - 0x00007ff948781000 	C:\WINDOWS\SYSTEM32\profapi.dll
0x00007ff932150000 - 0x00007ff932169000 	C:\Program Files\Java\jdk-17.0.5\bin\net.dll
0x00007ff942e30000 - 0x00007ff942f44000 	C:\WINDOWS\SYSTEM32\WINHTTP.dll
0x00007ff947d50000 - 0x00007ff947db7000 	C:\WINDOWS\system32\mswsock.dll
0x00007ff920fb0000 - 0x00007ff920fc6000 	C:\Program Files\Java\jdk-17.0.5\bin\nio.dll
0x00007ff91f980000 - 0x00007ff91f998000 	C:\Program Files\Java\jdk-17.0.5\bin\zip.dll
0x00007ff91f7f0000 - 0x00007ff91f97f000 	C:\Program Files\Java\jdk-17.0.5\bin\awt.dll
0x00007ff94aad0000 - 0x00007ff94aba6000 	C:\WINDOWS\System32\OLEAUT32.dll
0x00007ff945a90000 - 0x00007ff945b22000 	C:\WINDOWS\SYSTEM32\apphelp.dll
0x00007ff945c50000 - 0x00007ff945cfc000 	C:\WINDOWS\system32\uxtheme.dll
0x00007ff94a470000 - 0x00007ff94a58d000 	C:\WINDOWS\System32\MSCTF.dll
0x00007ff94a890000 - 0x00007ff94aa2a000 	C:\WINDOWS\System32\ole32.dll
0x00007ff945fb0000 - 0x00007ff945fdf000 	C:\WINDOWS\system32\DWMAPI.DLL
0x00007ff91f6d0000 - 0x00007ff91f756000 	C:\Program Files\Java\jdk-17.0.5\bin\freetype.dll
0x00007ff91f600000 - 0x00007ff91f6c5000 	C:\Program Files\Java\jdk-17.0.5\bin\fontmanager.dll
0x00007ff90e400000 - 0x00007ff90e501000 	C:\WINDOWS\system32\opengl32.dll
0x00007ff90ede0000 - 0x00007ff90ee0d000 	C:\WINDOWS\SYSTEM32\GLU32.dll
0x00007ff945d50000 - 0x00007ff945d88000 	C:\WINDOWS\SYSTEM32\dxcore.dll
0x00007ff9188c0000 - 0x00007ff9189ed000 	C:\WINDOWS\SYSTEM32\textinputframework.dll
0x00007ff9453a0000 - 0x00007ff9454d1000 	C:\WINDOWS\SYSTEM32\CoreMessaging.dll
0x00007ff941920000 - 0x00007ff941c8d000 	C:\WINDOWS\SYSTEM32\CoreUIComponents.dll
0x00007ff948020000 - 0x00007ff94802c000 	C:\WINDOWS\SYSTEM32\CRYPTBASE.DLL
0x00007ff9433a0000 - 0x00007ff9433b0000 	C:\Program Files\Java\jdk-17.0.5\bin\verify.dll
0x00007ff948000000 - 0x00007ff948018000 	C:\WINDOWS\SYSTEM32\CRYPTSP.dll
0x00007ff947810000 - 0x00007ff947845000 	C:\WINDOWS\system32\rsaenh.dll
0x00007ff947eb0000 - 0x00007ff947ed9000 	C:\WINDOWS\SYSTEM32\USERENV.dll
0x00007ff9481c0000 - 0x00007ff9481e7000 	C:\WINDOWS\SYSTEM32\bcrypt.dll
0x00007ff9473e0000 - 0x00007ff94740d000 	C:\WINDOWS\SYSTEM32\IPHLPAPI.DLL
0x00007ff94a460000 - 0x00007ff94a469000 	C:\WINDOWS\System32\NSI.dll
0x00007ff943130000 - 0x00007ff943149000 	C:\WINDOWS\SYSTEM32\dhcpcsvc6.DLL
0x00007ff9432a0000 - 0x00007ff9432be000 	C:\WINDOWS\SYSTEM32\dhcpcsvc.DLL
0x00007ff947450000 - 0x00007ff947538000 	C:\WINDOWS\SYSTEM32\DNSAPI.dll
0x00007ff944840000 - 0x00007ff944857000 	C:\WINDOWS\system32\napinsp.dll
0x00007ff942c40000 - 0x00007ff942c5b000 	C:\WINDOWS\system32\pnrpnsp.dll
0x00007ff8f2890000 - 0x00007ff8f28a2000 	C:\WINDOWS\System32\winrnr.dll
0x00007ff913280000 - 0x00007ff913295000 	C:\WINDOWS\system32\wshbth.dll
0x00007ff8f7850000 - 0x00007ff8f786f000 	C:\WINDOWS\system32\nlansp_c.dll
0x00007ff939030000 - 0x00007ff93903a000 	C:\Windows\System32\rasadhlp.dll
0x00007ff941490000 - 0x00007ff941511000 	C:\WINDOWS\System32\fwpuclnt.dll
0x00007ff944000000 - 0x00007ff94400e000 	C:\Program Files\Java\jdk-17.0.5\bin\sunmscapi.dll
0x00007ff948cd0000 - 0x00007ff948e32000 	C:\WINDOWS\System32\CRYPT32.dll
0x00007ff948160000 - 0x00007ff948188000 	C:\WINDOWS\SYSTEM32\ncrypt.dll
0x00007ff948120000 - 0x00007ff948157000 	C:\WINDOWS\SYSTEM32\NTASN1.dll
0x00007ff9494b0000 - 0x00007ff949565000 	C:\WINDOWS\System32\clbcatq.dll
0x00007ff93ffc0000 - 0x00007ff94016e000 	C:\WINDOWS\SYSTEM32\WindowsCodecs.dll
0x00007ff90fd60000 - 0x00007ff90fdbd000 	C:\WINDOWS\system32\dataexchange.dll
0x00007ff944050000 - 0x00007ff9442b6000 	C:\WINDOWS\system32\twinapi.appcore.dll

dbghelp: loaded successfully - version: 4.0.5 - missing functions: none
symbol engine: initialized successfully - sym options: 0x614 - pdb path: .;C:\Program Files\Java\jdk-17.0.5\bin;C:\WINDOWS\SYSTEM32;C:\WINDOWS\WinSxS\amd64_microsoft.windows.common-controls_6595b64144ccf1df_6.0.22000.120_none_9d947278b86cc467;C:\Program Files\Java\jdk-17.0.5\bin\server

VM Arguments:
java_command: view.GiaoDienQuanLy
java_class_path (initial): C:\Users\FPT SHOP\OneDrive\Desktop\PRO1041_DUAN1_BLOCK2 (1)\PRO1041_DUAN1_BLOCK2\target\classes;C:\Users\FPT SHOP\.m2\repository\com\microsoft\sqlserver\mssql-jdbc\7.4.0.jre11\mssql-jdbc-7.4.0.jre11.jar;C:\Users\FPT SHOP\.m2\repository\org\hibernate\orm\hibernate-core\6.1.5.Final\hibernate-core-6.1.5.Final.jar;C:\Users\FPT SHOP\.m2\repository\jakarta\persistence\jakarta.persistence-api\3.0.0\jakarta.persistence-api-3.0.0.jar;C:\Users\FPT SHOP\.m2\repository\jakarta\transaction\jakarta.transaction-api\2.0.0\jakarta.transaction-api-2.0.0.jar;C:\Users\FPT SHOP\.m2\repository\org\jboss\logging\jboss-logging\3.4.3.Final\jboss-logging-3.4.3.Final.jar;C:\Users\FPT SHOP\.m2\repository\org\hibernate\common\hibernate-commons-annotations\6.0.2.Final\hibernate-commons-annotations-6.0.2.Final.jar;C:\Users\FPT SHOP\.m2\repository\org\jboss\jandex\2.4.2.Final\jandex-2.4.2.Final.jar;C:\Users\FPT SHOP\.m2\repository\com\fasterxml\classmate\1.5.1\classmate-1.5.1.jar;C:\Users\FPT SHOP\.m2\repository\net\bytebuddy\byte-buddy\1.12.18\byte-buddy-1.12.18.jar;C:\Users\FPT SHOP\.m2\repository\jakarta\xml\bind\jakarta.xml.bind-api\3.0.1\jakarta.xml.bind-api-3.0.1.jar;C:\Users\FPT SHOP\.m2\repository\com\sun\activation\jakarta.activation\2.0.1\jakarta.activation-2.0.1.jar;C:\Users\FPT SHOP\.m2\repository\org\glassfish\jaxb\jaxb-runtime\3.0.2\jaxb-runtime-3.0.2.jar;C:\Users\FPT SHOP\.m2\repository\org\glassfish\jaxb\jaxb-core\3.0.2\jaxb-core-3.0.2.jar;C:\Users\FPT SHOP\.m2\repository\org\glassfish\jaxb\txw2\3.0.2\txw2-3.0.2.jar;C:\Users\FPT SHOP\.m2\repository\com\sun\istack\istack-commons-runtime\4.0.1\istack-commons-runtime-4.0.1.jar;C:\Users\FPT SHOP\.m2\repository\jakarta\inject\jakarta.inject-api\2.0.0\jakarta.inject-api-2.0.0.jar;C:\Users\FPT SHOP\.m2\repository\org\antlr\antlr4-runtime\4.10.1\antlr4-runtime-4.10.1.jar;C:\Users\FPT SHOP\.m2\repository\org\apache\poi\poi\5.2.3\poi-5.2.3.jar;C:\Users\FPT SHOP\.m2\repository\commons-codec\commons-codec\1.15\comm
Launcher Type: SUN_STANDARD

[Global flags]
     intx CICompilerCount                          = 4                                         {product} {ergonomic}
     uint ConcGCThreads                            = 2                                         {product} {ergonomic}
     uint G1ConcRefinementThreads                  = 8                                         {product} {ergonomic}
   size_t G1HeapRegionSize                         = 1048576                                   {product} {ergonomic}
    uintx GCDrainStackTargetSize                   = 64                                        {product} {ergonomic}
   size_t InitialHeapSize                          = 132120576                                 {product} {ergonomic}
   size_t MarkStackSize                            = 4194304                                   {product} {ergonomic}
   size_t MaxHeapSize                              = 2090860544                                {product} {ergonomic}
   size_t MaxNewSize                               = 1254096896                                {product} {ergonomic}
   size_t MinHeapDeltaBytes                        = 1048576                                   {product} {ergonomic}
   size_t MinHeapSize                              = 8388608                                   {product} {ergonomic}
    uintx NonNMethodCodeHeapSize                   = 5839372                                {pd product} {ergonomic}
    uintx NonProfiledCodeHeapSize                  = 122909434                              {pd product} {ergonomic}
    uintx ProfiledCodeHeapSize                     = 122909434                              {pd product} {ergonomic}
    uintx ReservedCodeCacheSize                    = 251658240                              {pd product} {ergonomic}
     bool SegmentedCodeCache                       = true                                      {product} {ergonomic}
   size_t SoftMaxHeapSize                          = 2090860544                             {manageable} {ergonomic}
     bool UseCompressedClassPointers               = true                           {product lp64_product} {ergonomic}
     bool UseCompressedOops                        = true                           {product lp64_product} {ergonomic}
     bool UseG1GC                                  = true                                      {product} {ergonomic}
     bool UseLargePagesIndividualAllocation        = false                                  {pd product} {ergonomic}

Logging:
Log output configuration:
 #0: stdout all=warning uptime,level,tags
 #1: stderr all=off uptime,level,tags

Environment Variables:
JAVA_HOME=C:\Program Files\Java\jdk-17.0.5
PATH=C:\Program Files\Common Files\Oracle\Java\javapath;C:\Program Files (x86)\Common Files\Oracle\Java\javapath;C:\Windows\system32;C:\Windows;C:\Windows\System32\Wbem;C:\Windows\System32\WindowsPowerShell\v1.0\;C:\Windows\System32\OpenSSH\;C:\Program Files (x86)\NVIDIA Corporation\PhysX\Common;C:\Program Files\NVIDIA Corporation\NVIDIA NvDLISR\;C:\Program Files\Java\jdk1.8.0_311\bin;.;C:\WINDOWS\system32;C:\WINDOWS;C:\WINDOWS\System32\Wbem;C:\WINDOWS\System32\WindowsPowerShell\v1.0\;C:\WINDOWS\System32\OpenSSH\;C:\Program Files\Microsoft SQL Server\Client SDK\ODBC\170\Tools\Binn\;C:\Program Files (x86)\Microsoft SQL Server\150\Tools\Binn\;C:\Program Files\Microsoft SQL Server\150\Tools\Binn\;C:\Program Files\Microsoft SQL Server\150\DTS\Binn\;C:\Program Files\Azure Data Studio\bin;C:\Program Files (x86)\Microsoft SQL Server\150\DTS\Binn\;C:\Program Files\Git\cmd;C:\Users\FPT SHOP\AppData\Local\Microsoft\WindowsApps;C:\Program Files\Azure Data Studio\bin;C:\Users\FPT SHOP\AppData\Local\Programs\Microsoft VS Code\bin;C:\Users\FPT SHOP\AppData\Local\GitHubDesktop\bin
USERNAME=Hoang
OS=Windows_NT
PROCESSOR_IDENTIFIER=Intel64 Family 6 Model 126 Stepping 5, GenuineIntel



---------------  S Y S T E M  ---------------

OS:
 Windows 11 , 64 bit Build 22000 (10.0.22000.1219)
OS uptime: 0 days 4:17 hours

CPU: total 8 (initial active 8) (4 cores per cpu, 2 threads per core) family 6 model 126 stepping 5 microcode 0x86, cx8, cmov, fxsr, ht, mmx, 3dnowpref, sse, sse2, sse3, ssse3, sse4.1, sse4.2, popcnt, lzcnt, tsc, tscinvbit, avx, avx2, aes, erms, clmul, bmi1, bmi2, adx, avx512f, avx512dq, avx512cd, avx512bw, avx512vl, sha, fma, vzeroupper, avx512_vpopcntdq, avx512_vpclmulqdq, avx512_vaes, avx512_vnni, clflush, clflushopt, avx512_vbmi2, avx512_vbmi

Memory: 4k page, system-wide physical 7969M (251M free)
TotalPageFile size 12065M (AvailPageFile size 5M)
current process WorkingSet (physical memory assigned to process): 195M, peak: 207M
current process commit charge ("private bytes"): 235M, peak: 264M

vm_info: Java HotSpot(TM) 64-Bit Server VM (17.0.5+9-LTS-191) for windows-amd64 JRE (17.0.5+9-LTS-191), built on Sep 13 2022 17:31:43 by "mach5one" with MS VC++ 16.8 / 16.9 (VS2019)

END.
