#
# There is insufficient memory for the Java Runtime Environment to continue.
# Native memory allocation (malloc) failed to allocate 53936 bytes for Chunk::new
# Possible reasons:
#   The system is out of physical RAM or swap space
#   The process is running with CompressedOops enabled, and the Java Heap may be blocking the growth of the native heap
# Possible solutions:
#   Reduce memory load on the system
#   Increase physical memory or swap space
#   Check if swap backing store is full
#   Decrease Java heap size (-Xmx/-Xms)
#   Decrease number of Java threads
#   Decrease Java thread stack sizes (-Xss)
#   Set larger code cache with -XX:ReservedCodeCacheSize=
#   JVM is running with Unscaled Compressed Oops mode in which the Java heap is
#     placed in the first 4GB address space. The Java Heap base address is the
#     maximum limit for the native heap growth. Please use -XX:HeapBaseMinAddress
#     to set the Java Heap base and to place the Java Heap above 4GB virtual address.
# This output file may be truncated or incomplete.
#
#  Out of Memory Error (arena.cpp:189), pid=3168, tid=4196
#
# JRE version: Java(TM) SE Runtime Environment (17.0.5+9) (build 17.0.5+9-LTS-191)
# Java VM: Java HotSpot(TM) 64-Bit Server VM (17.0.5+9-LTS-191, mixed mode, sharing, tiered, compressed oops, compressed class ptrs, g1 gc, windows-amd64)
# No core dump will be written. Minidumps are not enabled by default on client versions of Windows
#

---------------  S U M M A R Y ------------

Command Line: view.GiaoDienQuanLy

Host: Intel(R) Core(TM) i5-1035G1 CPU @ 1.00GHz, 8 cores, 7G,  Windows 11 , 64 bit Build 22000 (10.0.22000.1219)
Time: Tue Dec  6 01:17:04 2022 SE Asia Standard Time elapsed time: 11.283645 seconds (0d 0h 0m 11s)

---------------  T H R E A D  ---------------

Current thread (0x0000019ca30cdcc0):  JavaThread "C2 CompilerThread0" daemon [_thread_in_native, id=4196, stack(0x000000039a500000,0x000000039a600000)]


Current CompileTask:
C2:  11284 4110       4       javax.swing.GroupLayout$Group::calculateSize (107 bytes)

Stack: [0x000000039a500000,0x000000039a600000]
Native frames: (J=compiled Java code, j=interpreted, Vv=VM code, C=native code)
V  [jvm.dll+0x672eea]
V  [jvm.dll+0x7d2a04]
V  [jvm.dll+0x7d41ae]
V  [jvm.dll+0x7d4813]
V  [jvm.dll+0x242c15]
V  [jvm.dll+0xaa57b]
V  [jvm.dll+0xaab0c]
V  [jvm.dll+0x55cc53]
V  [jvm.dll+0x32a660]
V  [jvm.dll+0x329ada]
V  [jvm.dll+0x215cc1]
V  [jvm.dll+0x2150e1]
V  [jvm.dll+0x1a18ed]
V  [jvm.dll+0x22493a]
V  [jvm.dll+0x222aa5]
V  [jvm.dll+0x7885db]
V  [jvm.dll+0x782b4a]
V  [jvm.dll+0x671d75]
C  [ucrtbase.dll+0x26c0c]
C  [KERNEL32.DLL+0x15550]
C  [ntdll.dll+0x485b]


---------------  P R O C E S S  ---------------

Threads class SMR info:
_java_thread_list=0x0000019ca94e7770, length=18, elements={
0x0000019ca30afb30, 0x0000019ca30b06e0, 0x0000019ca30cb310, 0x0000019ca30cbbd0,
0x0000019ca30cc580, 0x0000019ca30ccf30, 0x0000019ca30cdcc0, 0x0000019ca30d0770,
0x0000019ca30df6c0, 0x0000019ca3cf15f0, 0x0000019ca3cf7ef0, 0x0000019ca408d9a0,
0x0000019ca408de70, 0x0000019ca408e340, 0x0000019ca417e240, 0x0000019c850c3fe0,
0x0000019ca467f730, 0x0000019ca7725010
}

Java Threads: ( => current thread )
  0x0000019ca30afb30 JavaThread "Reference Handler" daemon [_thread_blocked, id=11768, stack(0x0000000399f00000,0x000000039a000000)]
  0x0000019ca30b06e0 JavaThread "Finalizer" daemon [_thread_blocked, id=13992, stack(0x000000039a000000,0x000000039a100000)]
  0x0000019ca30cb310 JavaThread "Signal Dispatcher" daemon [_thread_blocked, id=6660, stack(0x000000039a100000,0x000000039a200000)]
  0x0000019ca30cbbd0 JavaThread "Attach Listener" daemon [_thread_blocked, id=8804, stack(0x000000039a200000,0x000000039a300000)]
  0x0000019ca30cc580 JavaThread "Service Thread" daemon [_thread_blocked, id=6060, stack(0x000000039a300000,0x000000039a400000)]
  0x0000019ca30ccf30 JavaThread "Monitor Deflation Thread" daemon [_thread_blocked, id=16224, stack(0x000000039a400000,0x000000039a500000)]
=>0x0000019ca30cdcc0 JavaThread "C2 CompilerThread0" daemon [_thread_in_native, id=4196, stack(0x000000039a500000,0x000000039a600000)]
  0x0000019ca30d0770 JavaThread "C1 CompilerThread0" daemon [_thread_in_native, id=2084, stack(0x000000039a600000,0x000000039a700000)]
  0x0000019ca30df6c0 JavaThread "Sweeper thread" daemon [_thread_blocked, id=1332, stack(0x000000039a700000,0x000000039a800000)]
  0x0000019ca3cf15f0 JavaThread "Notification Thread" daemon [_thread_blocked, id=8912, stack(0x000000039a800000,0x000000039a900000)]
  0x0000019ca3cf7ef0 JavaThread "Common-Cleaner" daemon [_thread_blocked, id=8372, stack(0x000000039aa00000,0x000000039ab00000)]
  0x0000019ca408d9a0 JavaThread "Java2D Disposer" daemon [_thread_blocked, id=8348, stack(0x000000039ac00000,0x000000039ad00000)]
  0x0000019ca408de70 JavaThread "AWT-Shutdown" [_thread_blocked, id=3520, stack(0x000000039ad00000,0x000000039ae00000)]
  0x0000019ca408e340 JavaThread "AWT-Windows" daemon [_thread_in_native, id=14296, stack(0x000000039ae00000,0x000000039af00000)]
  0x0000019ca417e240 JavaThread "AWT-EventQueue-0" [_thread_in_Java, id=14604, stack(0x000000039af00000,0x000000039b000000)]
  0x0000019c850c3fe0 JavaThread "DestroyJavaVM" [_thread_blocked, id=15084, stack(0x0000000399800000,0x0000000399900000)]
  0x0000019ca467f730 JavaThread "Hibernate Connection Pool Validation Thread" daemon [_thread_blocked, id=13688, stack(0x000000039bf00000,0x000000039c000000)]
  0x0000019ca7725010 JavaThread "C2 CompilerThread1" daemon [_thread_in_native, id=15524, stack(0x000000039b000000,0x000000039b100000)]

Other Threads:
  0x0000019ca30ac0a0 VMThread "VM Thread" [stack: 0x0000000399e00000,0x0000000399f00000] [id=11804]
  0x0000019c85179580 WatcherThread [stack: 0x000000039a900000,0x000000039aa00000] [id=11472]
  0x0000019c8511f0a0 GCTaskThread "GC Thread#0" [stack: 0x0000000399900000,0x0000000399a00000] [id=7692]
  0x0000019ca7111270 GCTaskThread "GC Thread#1" [stack: 0x000000039ab00000,0x000000039ac00000] [id=15636]
  0x0000019ca70915f0 GCTaskThread "GC Thread#2" [stack: 0x000000039b100000,0x000000039b200000] [id=1352]
  0x0000019ca70918a0 GCTaskThread "GC Thread#3" [stack: 0x000000039b200000,0x000000039b300000] [id=7308]
  0x0000019ca7091b50 GCTaskThread "GC Thread#4" [stack: 0x000000039b300000,0x000000039b400000] [id=7680]
  0x0000019ca47eb070 GCTaskThread "GC Thread#5" [stack: 0x000000039b400000,0x000000039b500000] [id=7656]
  0x0000019ca71aaca0 GCTaskThread "GC Thread#6" [stack: 0x000000039b500000,0x000000039b600000] [id=13776]
  0x0000019ca70e2520 GCTaskThread "GC Thread#7" [stack: 0x000000039b600000,0x000000039b700000] [id=9740]
  0x0000019c8512f920 ConcurrentGCThread "G1 Main Marker" [stack: 0x0000000399a00000,0x0000000399b00000] [id=11504]
  0x0000019c851314a0 ConcurrentGCThread "G1 Conc#0" [stack: 0x0000000399b00000,0x0000000399c00000] [id=11912]
  0x0000019ca41b0ff0 ConcurrentGCThread "G1 Conc#1" [stack: 0x000000039bc00000,0x000000039bd00000] [id=11180]
  0x0000019c8519e5e0 ConcurrentGCThread "G1 Refine#0" [stack: 0x0000000399c00000,0x0000000399d00000] [id=5128]
  0x0000019ca47eb940 ConcurrentGCThread "G1 Refine#1" [stack: 0x000000039b700000,0x000000039b800000] [id=15364]
  0x0000019ca47ebc20 ConcurrentGCThread "G1 Refine#2" [stack: 0x000000039b800000,0x000000039b900000] [id=4324]
  0x0000019ca47ebf00 ConcurrentGCThread "G1 Refine#3" [stack: 0x000000039b900000,0x000000039ba00000] [id=12216]
  0x0000019ca3ffdda0 ConcurrentGCThread "G1 Refine#4" [stack: 0x000000039ba00000,0x000000039bb00000] [id=4508]
  0x0000019ca2f644f0 ConcurrentGCThread "G1 Service" [stack: 0x0000000399d00000,0x0000000399e00000] [id=15932]

Threads with active compile tasks:
C2 CompilerThread0    11323 4110       4       javax.swing.GroupLayout$Group::calculateSize (107 bytes)
C2 CompilerThread1    11323 4163 %     4       sun.java2d.marlin.Renderer::_endRendering @ 256 (2480 bytes)

VM state: not at safepoint (normal execution)

VM Mutex/Monitor currently owned by a thread: None

Heap address: 0x0000000083600000, size: 1994 MB, Compressed Oops mode: 32-bit

CDS archive(s) mapped at: [0x0000000800000000-0x0000000800bd0000-0x0000000800bd0000), size 12386304, SharedBaseAddress: 0x0000000800000000, ArchiveRelocationMode: 0.
Compressed class space mapped at: 0x0000000800c00000-0x0000000840c00000, reserved size: 1073741824
Narrow klass base: 0x0000000800000000, Narrow klass shift: 0, Narrow klass range: 0x100000000

GC Precious Log:
 CPUs: 8 total, 8 available
 Memory: 7969M
 Large Page Support: Disabled
 NUMA Support: Disabled
 Compressed Oops: Enabled (32-bit)
 Heap Region Size: 1M
 Heap Min Capacity: 8M
 Heap Initial Capacity: 126M
 Heap Max Capacity: 1994M
 Pre-touch: Disabled
 Parallel Workers: 8
 Concurrent Workers: 2
 Concurrent Refinement Workers: 8
 Periodic GC: Disabled

Heap:
 garbage-first heap   total 65536K, used 43506K [0x0000000083600000, 0x0000000100000000)
  region size 1024K, 16 young (16384K), 2 survivors (2048K)
 Metaspace       used 44743K, committed 45056K, reserved 1089536K
  class space    used 5921K, committed 6080K, reserved 1048576K

Heap Regions: E=young(eden), S=young(survivor), O=old, HS=humongous(starts), HC=humongous(continues), CS=collection set, F=free, OA=open archive, CA=closed archive, TAMS=top-at-mark-start (previous, next)
|   0|0x0000000083600000, 0x0000000083700000, 0x0000000083700000|100%|HS|  |TAMS 0x0000000083700000, 0x0000000083600000| Complete 
|   1|0x0000000083700000, 0x0000000083800000, 0x0000000083800000|100%|HS|  |TAMS 0x0000000083800000, 0x0000000083700000| Complete 
|   2|0x0000000083800000, 0x0000000083900000, 0x0000000083900000|100%|HC|  |TAMS 0x0000000083900000, 0x0000000083800000| Complete 
|   3|0x0000000083900000, 0x0000000083a00000, 0x0000000083a00000|100%|HC|  |TAMS 0x0000000083a00000, 0x0000000083900000| Complete 
|   4|0x0000000083a00000, 0x0000000083b00000, 0x0000000083b00000|100%|HC|  |TAMS 0x0000000083b00000, 0x0000000083a00000| Complete 
|   5|0x0000000083b00000, 0x0000000083c00000, 0x0000000083c00000|100%|HC|  |TAMS 0x0000000083c00000, 0x0000000083b00000| Complete 
|   6|0x0000000083c00000, 0x0000000083d00000, 0x0000000083d00000|100%|HC|  |TAMS 0x0000000083d00000, 0x0000000083c00000| Complete 
|   7|0x0000000083d00000, 0x0000000083e00000, 0x0000000083e00000|100%|HC|  |TAMS 0x0000000083e00000, 0x0000000083d00000| Complete 
|   8|0x0000000083e00000, 0x0000000083f00000, 0x0000000083f00000|100%|HC|  |TAMS 0x0000000083f00000, 0x0000000083e00000| Complete 
|   9|0x0000000083f00000, 0x0000000084000000, 0x0000000084000000|100%| O|  |TAMS 0x0000000084000000, 0x0000000083f00000| Untracked 
|  10|0x0000000084000000, 0x0000000084100000, 0x0000000084100000|100%| O|  |TAMS 0x0000000084100000, 0x0000000084000000| Untracked 
|  11|0x0000000084100000, 0x0000000084200000, 0x0000000084200000|100%| O|  |TAMS 0x0000000084200000, 0x0000000084100000| Untracked 
|  12|0x0000000084200000, 0x0000000084300000, 0x0000000084300000|100%| O|  |TAMS 0x0000000084300000, 0x0000000084200000| Untracked 
|  13|0x0000000084300000, 0x0000000084400000, 0x0000000084400000|100%| O|  |TAMS 0x0000000084400000, 0x0000000084300000| Untracked 
|  14|0x0000000084400000, 0x0000000084500000, 0x0000000084500000|100%| O|  |TAMS 0x0000000084500000, 0x0000000084400000| Untracked 
|  15|0x0000000084500000, 0x0000000084500000, 0x0000000084600000|  0%| F|  |TAMS 0x0000000084500000, 0x0000000084500000| Untracked 
|  16|0x0000000084600000, 0x0000000084700000, 0x0000000084700000|100%| O|  |TAMS 0x0000000084700000, 0x0000000084600000| Untracked 
|  17|0x0000000084700000, 0x0000000084800000, 0x0000000084800000|100%| O|  |TAMS 0x0000000084800000, 0x0000000084700000| Untracked 
|  18|0x0000000084800000, 0x0000000084900000, 0x0000000084900000|100%| O|  |TAMS 0x0000000084900000, 0x0000000084800000| Untracked 
|  19|0x0000000084900000, 0x0000000084a00000, 0x0000000084a00000|100%| O|  |TAMS 0x0000000084a00000, 0x0000000084900000| Untracked 
|  20|0x0000000084a00000, 0x0000000084abde00, 0x0000000084b00000| 74%| O|  |TAMS 0x0000000084abde00, 0x0000000084a00000| Untracked 
|  21|0x0000000084b00000, 0x0000000084c00000, 0x0000000084c00000|100%|HS|  |TAMS 0x0000000084b00000, 0x0000000084b00000| Complete 
|  22|0x0000000084c00000, 0x0000000084d00000, 0x0000000084d00000|100%|HC|  |TAMS 0x0000000084c00000, 0x0000000084c00000| Complete 
|  23|0x0000000084d00000, 0x0000000084e00000, 0x0000000084e00000|100%|HC|  |TAMS 0x0000000084d00000, 0x0000000084d00000| Complete 
|  24|0x0000000084e00000, 0x0000000084f00000, 0x0000000084f00000|100%|HC|  |TAMS 0x0000000084e00000, 0x0000000084e00000| Complete 
|  25|0x0000000084f00000, 0x0000000085000000, 0x0000000085000000|100%|HC|  |TAMS 0x0000000084f00000, 0x0000000084f00000| Complete 
|  26|0x0000000085000000, 0x0000000085100000, 0x0000000085100000|100%|HC|  |TAMS 0x0000000085000000, 0x0000000085000000| Complete 
|  27|0x0000000085100000, 0x0000000085200000, 0x0000000085200000|100%|HC|  |TAMS 0x0000000085100000, 0x0000000085100000| Complete 
|  28|0x0000000085200000, 0x0000000085300000, 0x0000000085300000|100%|HC|  |TAMS 0x0000000085200000, 0x0000000085200000| Complete 
|  29|0x0000000085300000, 0x0000000085300000, 0x0000000085400000|  0%| F|  |TAMS 0x0000000085300000, 0x0000000085300000| Untracked 
|  30|0x0000000085400000, 0x0000000085400000, 0x0000000085500000|  0%| F|  |TAMS 0x0000000085400000, 0x0000000085400000| Untracked 
|  31|0x0000000085500000, 0x0000000085500000, 0x0000000085600000|  0%| F|  |TAMS 0x0000000085500000, 0x0000000085500000| Untracked 
|  32|0x0000000085600000, 0x0000000085600000, 0x0000000085700000|  0%| F|  |TAMS 0x0000000085600000, 0x0000000085600000| Untracked 
|  33|0x0000000085700000, 0x0000000085700000, 0x0000000085800000|  0%| F|  |TAMS 0x0000000085700000, 0x0000000085700000| Untracked 
|  34|0x0000000085800000, 0x0000000085800000, 0x0000000085900000|  0%| F|  |TAMS 0x0000000085800000, 0x0000000085800000| Untracked 
|  35|0x0000000085900000, 0x0000000085900000, 0x0000000085a00000|  0%| F|  |TAMS 0x0000000085900000, 0x0000000085900000| Untracked 
|  36|0x0000000085a00000, 0x0000000085abecc8, 0x0000000085b00000| 74%| S|CS|TAMS 0x0000000085a00000, 0x0000000085a00000| Complete 
|  37|0x0000000085b00000, 0x0000000085c00000, 0x0000000085c00000|100%| S|CS|TAMS 0x0000000085b00000, 0x0000000085b00000| Complete 
|  38|0x0000000085c00000, 0x0000000085c00000, 0x0000000085d00000|  0%| F|  |TAMS 0x0000000085c00000, 0x0000000085c00000| Untracked 
|  39|0x0000000085d00000, 0x0000000085d00000, 0x0000000085e00000|  0%| F|  |TAMS 0x0000000085d00000, 0x0000000085d00000| Untracked 
|  40|0x0000000085e00000, 0x0000000085e00000, 0x0000000085f00000|  0%| F|  |TAMS 0x0000000085e00000, 0x0000000085e00000| Untracked 
|  41|0x0000000085f00000, 0x0000000085f00000, 0x0000000086000000|  0%| F|  |TAMS 0x0000000085f00000, 0x0000000085f00000| Untracked 
|  42|0x0000000086000000, 0x0000000086000000, 0x0000000086100000|  0%| F|  |TAMS 0x0000000086000000, 0x0000000086000000| Untracked 
|  43|0x0000000086100000, 0x0000000086100000, 0x0000000086200000|  0%| F|  |TAMS 0x0000000086100000, 0x0000000086100000| Untracked 
|  44|0x0000000086200000, 0x0000000086200000, 0x0000000086300000|  0%| F|  |TAMS 0x0000000086200000, 0x0000000086200000| Untracked 
|  45|0x0000000086300000, 0x0000000086300000, 0x0000000086400000|  0%| F|  |TAMS 0x0000000086300000, 0x0000000086300000| Untracked 
|  46|0x0000000086400000, 0x0000000086400000, 0x0000000086500000|  0%| F|  |TAMS 0x0000000086400000, 0x0000000086400000| Untracked 
|  47|0x0000000086500000, 0x0000000086500000, 0x0000000086600000|  0%| F|  |TAMS 0x0000000086500000, 0x0000000086500000| Untracked 
|  48|0x0000000086600000, 0x0000000086600000, 0x0000000086700000|  0%| F|  |TAMS 0x0000000086600000, 0x0000000086600000| Untracked 
|  49|0x0000000086700000, 0x0000000086700000, 0x0000000086800000|  0%| F|  |TAMS 0x0000000086700000, 0x0000000086700000| Untracked 
|  50|0x0000000086800000, 0x0000000086900000, 0x0000000086900000|100%| E|  |TAMS 0x0000000086800000, 0x0000000086800000| Complete 
|  51|0x0000000086900000, 0x0000000086a00000, 0x0000000086a00000|100%| E|CS|TAMS 0x0000000086900000, 0x0000000086900000| Complete 
|  52|0x0000000086a00000, 0x0000000086b00000, 0x0000000086b00000|100%| E|CS|TAMS 0x0000000086a00000, 0x0000000086a00000| Complete 
|  53|0x0000000086b00000, 0x0000000086c00000, 0x0000000086c00000|100%| E|CS|TAMS 0x0000000086b00000, 0x0000000086b00000| Complete 
|  54|0x0000000086c00000, 0x0000000086d00000, 0x0000000086d00000|100%| E|CS|TAMS 0x0000000086c00000, 0x0000000086c00000| Complete 
|  55|0x0000000086d00000, 0x0000000086e00000, 0x0000000086e00000|100%| E|CS|TAMS 0x0000000086d00000, 0x0000000086d00000| Complete 
|  56|0x0000000086e00000, 0x0000000086f00000, 0x0000000086f00000|100%| E|CS|TAMS 0x0000000086e00000, 0x0000000086e00000| Complete 
|  57|0x0000000086f00000, 0x0000000087000000, 0x0000000087000000|100%| E|CS|TAMS 0x0000000086f00000, 0x0000000086f00000| Complete 
|  58|0x0000000087000000, 0x0000000087100000, 0x0000000087100000|100%| E|CS|TAMS 0x0000000087000000, 0x0000000087000000| Complete 
|  59|0x0000000087100000, 0x0000000087200000, 0x0000000087200000|100%| E|CS|TAMS 0x0000000087100000, 0x0000000087100000| Complete 
|  60|0x0000000087200000, 0x0000000087300000, 0x0000000087300000|100%| E|CS|TAMS 0x0000000087200000, 0x0000000087200000| Complete 
| 121|0x000000008af00000, 0x000000008b000000, 0x000000008b000000|100%| E|CS|TAMS 0x000000008af00000, 0x000000008af00000| Complete 
| 122|0x000000008b000000, 0x000000008b100000, 0x000000008b100000|100%| E|CS|TAMS 0x000000008b000000, 0x000000008b000000| Complete 
| 125|0x000000008b300000, 0x000000008b400000, 0x000000008b400000|100%| E|CS|TAMS 0x000000008b300000, 0x000000008b300000| Complete 

Card table byte_map: [0x0000019c9c060000,0x0000019c9c450000] _byte_map_base: 0x0000019c9bc45000

Marking Bits (Prev, Next): (CMBitMap*) 0x0000019c8511f6b0, (CMBitMap*) 0x0000019c8511f6f0
 Prev Bits: [0x0000019c9c840000, 0x0000019c9e768000)
 Next Bits: [0x0000019c9e770000, 0x0000019ca0698000)

Polling page: 0x0000019c848a0000

Metaspace:

Usage:
  Non-class:     37.91 MB used.
      Class:      5.78 MB used.
       Both:     43.69 MB used.

Virtual space:
  Non-class space:       40.00 MB reserved,      38.06 MB ( 95%) committed,  5 nodes.
      Class space:        1.00 GB reserved,       5.94 MB ( <1%) committed,  1 nodes.
             Both:        1.04 GB reserved,      44.00 MB (  4%) committed. 

Chunk freelists:
   Non-Class:  1.00 MB
       Class:  2.11 MB
        Both:  3.11 MB

MaxMetaspaceSize: unlimited
CompressedClassSpaceSize: 1.00 GB
Initial GC threshold: 21.00 MB
Current GC threshold: 58.88 MB
CDS: on
MetaspaceReclaimPolicy: balanced
 - commit_granule_bytes: 65536.
 - commit_granule_words: 8192.
 - virtual_space_node_default_size: 1048576.
 - enlarge_chunks_in_place: 1.
 - new_chunks_are_fully_committed: 0.
 - uncommit_free_chunks: 1.
 - use_allocation_guard: 0.
 - handle_deallocations: 1.


Internal statistics:

num_allocs_failed_limit: 6.
num_arena_births: 330.
num_arena_deaths: 0.
num_vsnodes_births: 6.
num_vsnodes_deaths: 0.
num_space_committed: 704.
num_space_uncommitted: 0.
num_chunks_returned_to_freelist: 6.
num_chunks_taken_from_freelist: 1455.
num_chunk_merges: 6.
num_chunk_splits: 1019.
num_chunks_enlarged: 776.
num_purges: 0.
num_inconsistent_stats: 0.

CodeHeap 'non-profiled nmethods': size=120000Kb used=1610Kb max_used=1610Kb free=118389Kb
 bounds [0x0000019c94410000, 0x0000019c94680000, 0x0000019c9b940000]
CodeHeap 'profiled nmethods': size=120000Kb used=8119Kb max_used=8119Kb free=111880Kb
 bounds [0x0000019c8cee0000, 0x0000019c8d6d0000, 0x0000019c94410000]
CodeHeap 'non-nmethods': size=5760Kb used=1499Kb max_used=1514Kb free=4260Kb
 bounds [0x0000019c8c940000, 0x0000019c8cbb0000, 0x0000019c8cee0000]
 total_blobs=5031 nmethods=4177 adapters=765
 compilation: enabled
              stopped_count=0, restarted_count=0
 full_count=0

Compilation events (20 events):
Event: 11.265 Thread 0x0000019ca30d0770 nmethod 4116 0x0000019c8d6a2610 code [0x0000019c8d6a2860, 0x0000019c8d6a3148]
Event: 11.265 Thread 0x0000019ca30d0770 4117       3       sun.java2d.SurfaceData::canRenderParallelograms (137 bytes)
Event: 11.266 Thread 0x0000019ca30d0770 nmethod 4117 0x0000019c8d6a3390 code [0x0000019c8d6a35a0, 0x0000019c8d6a3db8]
Event: 11.266 Thread 0x0000019ca30d0770 4121       3       sun.java2d.pipe.ValidatePipe::validate (6 bytes)
Event: 11.267 Thread 0x0000019ca30d0770 nmethod 4121 0x0000019c8d6a3f90 code [0x0000019c8d6a4160, 0x0000019c8d6a44b8]
Event: 11.267 Thread 0x0000019ca30d0770 4118       3       javax.swing.plaf.synth.SynthContext::getPainter (19 bytes)
Event: 11.267 Thread 0x0000019ca30d0770 nmethod 4118 0x0000019c8d6a4610 code [0x0000019c8d6a47c0, 0x0000019c8d6a4a28]
Event: 11.267 Thread 0x0000019ca30d0770 4120       3       javax.swing.RepaintManager::currentManager (7 bytes)
Event: 11.267 Thread 0x0000019ca30d0770 nmethod 4120 0x0000019c8d6a4b10 code [0x0000019c8d6a4cc0, 0x0000019c8d6a4df8]
Event: 11.267 Thread 0x0000019ca30d0770 4119       3       javax.swing.plaf.nimbus.NimbusStyle::getPainter (5 bytes)
Event: 11.267 Thread 0x0000019ca30d0770 nmethod 4119 0x0000019c8d6a4e90 code [0x0000019c8d6a5020, 0x0000019c8d6a5138]
Event: 11.267 Thread 0x0000019ca30d0770 4122       3       sun.java2d.SunGraphics2D::validatePipe (30 bytes)
Event: 11.268 Thread 0x0000019ca30d0770 nmethod 4122 0x0000019c8d6a5210 code [0x0000019c8d6a53c0, 0x0000019c8d6a56b8]
Event: 11.268 Thread 0x0000019ca30d0770 4123       3       sun.java2d.pipe.PixelToParallelogramConverter::len (37 bytes)
Event: 11.268 Thread 0x0000019ca30d0770 nmethod 4123 0x0000019c8d6a5810 code [0x0000019c8d6a5a00, 0x0000019c8d6a5c98]
Event: 11.268 Thread 0x0000019ca30d0770 4124       3       sun.java2d.marlin.TransformingPathConsumer2D$PathClipFilter::lineTo (208 bytes)
Event: 11.269 Thread 0x0000019ca30d0770 nmethod 4124 0x0000019c8d6a5d10 code [0x0000019c8d6a5f20, 0x0000019c8d6a6518]
Event: 11.269 Thread 0x0000019ca30d0770 4125 %     3       sun.java2d.marlin.Renderer::_endRendering @ 784 (2480 bytes)
Event: 11.281 Thread 0x0000019ca30d0770 nmethod 4125% 0x0000019c8d6a6710 code [0x0000019c8d6a6ca0, 0x0000019c8d6ac2e8]
Event: 11.281 Thread 0x0000019ca30d0770 4127       3       java.awt.geom.AffineTransform::scale (285 bytes)

GC Heap History (14 events):
Event: 2.076 GC heap before
{Heap before GC invocations=0 (full 0):
 garbage-first heap   total 129024K, used 31744K [0x0000000083600000, 0x0000000100000000)
  region size 1024K, 23 young (23552K), 0 survivors (0K)
 Metaspace       used 14870K, committed 15168K, reserved 1064960K
  class space    used 1784K, committed 1920K, reserved 1048576K
}
Event: 2.081 GC heap after
{Heap after GC invocations=1 (full 0):
 garbage-first heap   total 129024K, used 16548K [0x0000000083600000, 0x0000000100000000)
  region size 1024K, 3 young (3072K), 3 survivors (3072K)
 Metaspace       used 14870K, committed 15168K, reserved 1064960K
  class space    used 1784K, committed 1920K, reserved 1048576K
}
Event: 2.477 GC heap before
{Heap before GC invocations=1 (full 0):
 garbage-first heap   total 129024K, used 31908K [0x0000000083600000, 0x0000000100000000)
  region size 1024K, 19 young (19456K), 3 survivors (3072K)
 Metaspace       used 19992K, committed 20224K, reserved 1073152K
  class space    used 2520K, committed 2624K, reserved 1048576K
}
Event: 2.481 GC heap after
{Heap after GC invocations=2 (full 0):
 garbage-first heap   total 129024K, used 18174K [0x0000000083600000, 0x0000000100000000)
  region size 1024K, 2 young (2048K), 2 survivors (2048K)
 Metaspace       used 19992K, committed 20224K, reserved 1073152K
  class space    used 2520K, committed 2624K, reserved 1048576K
}
Event: 2.561 GC heap before
{Heap before GC invocations=2 (full 0):
 garbage-first heap   total 129024K, used 20222K [0x0000000083600000, 0x0000000100000000)
  region size 1024K, 5 young (5120K), 2 survivors (2048K)
 Metaspace       used 21204K, committed 21504K, reserved 1073152K
  class space    used 2640K, committed 2816K, reserved 1048576K
}
Event: 2.563 GC heap after
{Heap after GC invocations=3 (full 0):
 garbage-first heap   total 129024K, used 18195K [0x0000000083600000, 0x0000000100000000)
  region size 1024K, 2 young (2048K), 2 survivors (2048K)
 Metaspace       used 21204K, committed 21504K, reserved 1073152K
  class space    used 2640K, committed 2816K, reserved 1048576K
}
Event: 3.423 GC heap before
{Heap before GC invocations=4 (full 0):
 garbage-first heap   total 65536K, used 49939K [0x0000000083600000, 0x0000000100000000)
  region size 1024K, 34 young (34816K), 2 survivors (2048K)
 Metaspace       used 33886K, committed 34176K, reserved 1081344K
  class space    used 4322K, committed 4480K, reserved 1048576K
}
Event: 3.426 GC heap after
{Heap after GC invocations=5 (full 0):
 garbage-first heap   total 65536K, used 20533K [0x0000000083600000, 0x0000000100000000)
  region size 1024K, 5 young (5120K), 5 survivors (5120K)
 Metaspace       used 33886K, committed 34176K, reserved 1081344K
  class space    used 4322K, committed 4480K, reserved 1048576K
}
Event: 3.451 GC heap before
{Heap before GC invocations=5 (full 0):
 garbage-first heap   total 65536K, used 21557K [0x0000000083600000, 0x0000000100000000)
  region size 1024K, 6 young (6144K), 5 survivors (5120K)
 Metaspace       used 34169K, committed 34432K, reserved 1081344K
  class space    used 4373K, committed 4480K, reserved 1048576K
}
Event: 3.455 GC heap after
{Heap after GC invocations=6 (full 0):
 garbage-first heap   total 65536K, used 20891K [0x0000000083600000, 0x0000000100000000)
  region size 1024K, 1 young (1024K), 1 survivors (1024K)
 Metaspace       used 34169K, committed 34432K, reserved 1081344K
  class space    used 4373K, committed 4480K, reserved 1048576K
}
Event: 3.610 GC heap before
{Heap before GC invocations=6 (full 0):
 garbage-first heap   total 65536K, used 26011K [0x0000000083600000, 0x0000000100000000)
  region size 1024K, 8 young (8192K), 1 survivors (1024K)
 Metaspace       used 35808K, committed 36096K, reserved 1081344K
  class space    used 4712K, committed 4864K, reserved 1048576K
}
Event: 3.611 GC heap after
{Heap after GC invocations=7 (full 0):
 garbage-first heap   total 65536K, used 20737K [0x0000000083600000, 0x0000000100000000)
  region size 1024K, 1 young (1024K), 1 survivors (1024K)
 Metaspace       used 35808K, committed 36096K, reserved 1081344K
  class space    used 4712K, committed 4864K, reserved 1048576K
}
Event: 4.082 GC heap before
{Heap before GC invocations=8 (full 0):
 garbage-first heap   total 65536K, used 45313K [0x0000000083600000, 0x0000000100000000)
  region size 1024K, 26 young (26624K), 1 survivors (1024K)
 Metaspace       used 41119K, committed 41408K, reserved 1089536K
  class space    used 5445K, committed 5568K, reserved 1048576K
}
Event: 4.085 GC heap after
{Heap after GC invocations=9 (full 0):
 garbage-first heap   total 65536K, used 22002K [0x0000000083600000, 0x0000000100000000)
  region size 1024K, 2 young (2048K), 2 survivors (2048K)
 Metaspace       used 41119K, committed 41408K, reserved 1089536K
  class space    used 5445K, committed 5568K, reserved 1048576K
}

Deoptimization events (20 events):
Event: 4.549 Thread 0x0000019ca417e240 DEOPT PACKING pc=0x0000019c94589e80 sp=0x000000039affc5f0
Event: 4.549 Thread 0x0000019ca417e240 DEOPT UNPACKING pc=0x0000019c8c995ba3 sp=0x000000039affc5a8 mode 2
Event: 4.550 Thread 0x0000019ca417e240 Uncommon trap: trap_request=0xffffff45 fr.pc=0x0000019c94589dc0 relative=0x00000000000004e0
Event: 4.550 Thread 0x0000019ca417e240 Uncommon trap: reason=unstable_if action=reinterpret pc=0x0000019c94589dc0 method=java.awt.MultipleGradientPaintContext.indexIntoGradientsArrays(F)I @ 13 c2
Event: 4.550 Thread 0x0000019ca417e240 DEOPT PACKING pc=0x0000019c94589dc0 sp=0x000000039affc730
Event: 4.550 Thread 0x0000019ca417e240 DEOPT UNPACKING pc=0x0000019c8c995ba3 sp=0x000000039affc660 mode 2
Event: 4.553 Thread 0x0000019ca417e240 Uncommon trap: trap_request=0xffffff45 fr.pc=0x0000019c9458ab1c relative=0x00000000000002bc
Event: 4.553 Thread 0x0000019ca417e240 Uncommon trap: reason=unstable_if action=reinterpret pc=0x0000019c9458ab1c method=java.awt.MultipleGradientPaintContext.indexIntoGradientsArrays(F)I @ 13 c2
Event: 4.553 Thread 0x0000019ca417e240 DEOPT PACKING pc=0x0000019c9458ab1c sp=0x000000039affc6c0
Event: 4.553 Thread 0x0000019ca417e240 DEOPT UNPACKING pc=0x0000019c8c995ba3 sp=0x000000039affc648 mode 2
Event: 4.584 Thread 0x0000019ca417e240 DEOPT PACKING pc=0x0000019c8d63b889 sp=0x000000039affc670
Event: 4.584 Thread 0x0000019ca417e240 DEOPT UNPACKING pc=0x0000019c8c9966e3 sp=0x000000039affbaf8 mode 0
Event: 4.586 Thread 0x0000019ca417e240 DEOPT PACKING pc=0x0000019c8d63b889 sp=0x000000039affbd80
Event: 4.586 Thread 0x0000019ca417e240 DEOPT UNPACKING pc=0x0000019c8c9966e3 sp=0x000000039affb208 mode 0
Event: 4.612 Thread 0x0000019ca417e240 DEOPT PACKING pc=0x0000019c8d63e412 sp=0x000000039affcf80
Event: 4.612 Thread 0x0000019ca417e240 DEOPT UNPACKING pc=0x0000019c8c9966e3 sp=0x000000039affc438 mode 0
Event: 6.960 Thread 0x0000019ca417e240 DEOPT PACKING pc=0x0000019c8d06c00d sp=0x000000039affce70
Event: 6.960 Thread 0x0000019ca417e240 DEOPT UNPACKING pc=0x0000019c8c9966e3 sp=0x000000039affc2c0 mode 0
Event: 6.966 Thread 0x0000019ca417e240 DEOPT PACKING pc=0x0000019c8d06c00d sp=0x000000039affce70
Event: 6.966 Thread 0x0000019ca417e240 DEOPT UNPACKING pc=0x0000019c8c9966e3 sp=0x000000039affc2c0 mode 0

Classes unloaded (0 events):
No events

Classes redefined (0 events):
No events

Internal exceptions (20 events):
Event: 3.816 Thread 0x0000019ca417e240 Exception <a 'java/lang/NoSuchMethodError'{0x0000000086b8fad0}: 'java.lang.Object java.lang.invoke.DirectMethodHandle$Holder.newInvokeSpecial(java.lang.Object, java.lang.Object, java.lang.Object, java.lang.Object, java.lang.Object, java.lang.Object)'> (0x0000000086b8fad0) 
thrown [s\open\src\hotspot\share\interpreter\linkResolver.cpp, line 759]
Event: 3.826 Thread 0x0000019ca417e240 Exception <a 'java/lang/NoSuchMethodError'{0x0000000086a1a1f0}: 'int java.lang.invoke.DirectMethodHandle$Holder.invokeStatic(java.lang.Object, java.lang.Object, java.lang.Object, java.lang.Object, java.lang.Object)'> (0x0000000086a1a1f0) 
thrown [s\open\src\hotspot\share\interpreter\linkResolver.cpp, line 759]
Event: 3.827 Thread 0x0000019ca417e240 Exception <a 'java/lang/NoSuchMethodError'{0x0000000086a2dc00}: 'java.lang.Object java.lang.invoke.DirectMethodHandle$Holder.newInvokeSpecial(java.lang.Object, java.lang.Object, java.lang.Object, java.lang.Object, java.lang.Object, java.lang.Object, java.lang.Object)'> (0x0000000086a2dc00) 
thrown [s\open\src\hotspot\share\interpreter\linkResolver.cpp, line 759]
Event: 3.827 Thread 0x0000019ca417e240 Exception <a 'java/lang/NoSuchMethodError'{0x0000000086a327b8}: 'java.lang.Object java.lang.invoke.Invokers$Holder.linkToTargetMethod(java.lang.Object, java.lang.Object, java.lang.Object, java.lang.Object, java.lang.Object, java.lang.Object, java.lang.Object)'> (0x0000000086a327b8) 
thrown [s\open\src\hotspot\share\interpreter\linkResolver.cpp, line 759]
Event: 3.870 Thread 0x0000019ca417e240 Exception <a 'java/lang/NoSuchMethodError'{0x0000000086807c30}: 'java.lang.Object java.lang.invoke.DirectMethodHandle$Holder.newInvokeSpecial(java.lang.Object, java.lang.Object, java.lang.Object, java.lang.Object, java.lang.Object, java.lang.Object, java.lang.Object, int)'> (0x0000000086807c30) 
thrown [s\open\src\hotspot\share\interpreter\linkResolver.cpp, line 759]
Event: 3.871 Thread 0x0000019ca417e240 Exception <a 'java/lang/NoSuchMethodError'{0x000000008680d228}: 'java.lang.Object java.lang.invoke.DirectMethodHandle$Holder.invokeSpecial(java.lang.Object, java.lang.Object, java.lang.Object, java.lang.Object, java.lang.Object, java.lang.Object, java.lang.Object, java.lang.Object, int)'> (0x000000008680d228) 
thrown [s\open\src\hotspot\share\interpreter\linkResolver.cpp, line 759]
Event: 3.904 Thread 0x0000019ca417e240 Exception <a 'java/lang/NoSuchMethodError'{0x00000000867984c0}: 'java.lang.Object java.lang.invoke.DirectMethodHandle$Holder.newInvokeSpecial(java.lang.Object, java.lang.Object, int, java.lang.Object, int, java.lang.Object, java.lang.Object, java.lang.Object)'> (0x00000000867984c0) 
thrown [s\open\src\hotspot\share\interpreter\linkResolver.cpp, line 759]
Event: 3.906 Thread 0x0000019ca417e240 Exception <a 'java/lang/NoSuchMethodError'{0x00000000867a5588}: 'int java.lang.invoke.DirectMethodHandle$Holder.invokeSpecial(java.lang.Object, java.lang.Object, java.lang.Object, java.lang.Object, java.lang.Object, java.lang.Object)'> (0x00000000867a5588) 
thrown [s\open\src\hotspot\share\interpreter\linkResolver.cpp, line 759]
Event: 3.917 Thread 0x0000019ca417e240 Exception <a 'java/lang/NoSuchMethodError'{0x00000000867f8c70}: 'void java.lang.invoke.DirectMethodHandle$Holder.invokeInterface(java.lang.Object, java.lang.Object)'> (0x00000000867f8c70) 
thrown [s\open\src\hotspot\share\interpreter\linkResolver.cpp, line 759]
Event: 3.941 Thread 0x0000019ca417e240 Exception <a 'java/lang/NoSuchMethodError'{0x00000000866f13c8}: 'java.lang.Object java.lang.invoke.DirectMethodHandle$Holder.invokeStaticInit(java.lang.Object, java.lang.Object, java.lang.Object)'> (0x00000000866f13c8) 
thrown [s\open\src\hotspot\share\interpreter\linkResolver.cpp, line 759]
Event: 4.145 Thread 0x0000019ca417e240 Exception <a 'java/lang/NoSuchMethodError'{0x0000000087109298}: 'int java.lang.invoke.DirectMethodHandle$Holder.invokeStatic(java.lang.Object)'> (0x0000000087109298) 
thrown [s\open\src\hotspot\share\interpreter\linkResolver.cpp, line 759]
Event: 4.174 Thread 0x0000019ca417e240 Exception <a 'java/lang/NoSuchMethodError'{0x00000000870500b8}: 'int java.lang.invoke.DirectMethodHandle$Holder.invokeVirtual(java.lang.Object, java.lang.Object)'> (0x00000000870500b8) 
thrown [s\open\src\hotspot\share\interpreter\linkResolver.cpp, line 759]
Event: 4.197 Thread 0x0000019ca417e240 Exception <a 'java/lang/NoSuchMethodError'{0x0000000086ff1190}: 'java.lang.Object java.lang.invoke.DirectMethodHandle$Holder.invokeInterface(java.lang.Object, java.lang.Object, java.lang.Object)'> (0x0000000086ff1190) 
thrown [s\open\src\hotspot\share\interpreter\linkResolver.cpp, line 759]
Event: 4.204 Thread 0x0000019ca417e240 Exception <a 'java/lang/NoSuchMethodError'{0x0000000086e66618}: 'void java.lang.invoke.DirectMethodHandle$Holder.invokeStaticInit(java.lang.Object, java.lang.Object, java.lang.Object, java.lang.Object, java.lang.Object)'> (0x0000000086e66618) 
thrown [s\open\src\hotspot\share\interpreter\linkResolver.cpp, line 759]
Event: 4.212 Thread 0x0000019ca417e240 Exception <a 'java/lang/NoSuchMethodError'{0x0000000086ecc3c8}: 'void java.lang.invoke.DirectMethodHandle$Holder.invokeInterface(java.lang.Object, java.lang.Object, java.lang.Object, java.lang.Object)'> (0x0000000086ecc3c8) 
thrown [s\open\src\hotspot\share\interpreter\linkResolver.cpp, line 759]
Event: 4.213 Thread 0x0000019ca417e240 Exception <a 'java/lang/IncompatibleClassChangeError'{0x0000000086ecfaf8}: Found class java.lang.Object, but interface was expected> (0x0000000086ecfaf8) 
thrown [s\open\src\hotspot\share\interpreter\linkResolver.cpp, line 826]
Event: 4.366 Thread 0x0000019ca417e240 Exception <a 'java/lang/NoSuchMethodError'{0x0000000086ce8450}: 'void java.lang.invoke.DirectMethodHandle$Holder.invokeInterface(java.lang.Object, java.lang.Object, java.lang.Object)'> (0x0000000086ce8450) 
thrown [s\open\src\hotspot\share\interpreter\linkResolver.cpp, line 759]
Event: 4.549 Thread 0x0000019ca417e240 Implicit null exception at 0x0000019c9458999f to 0x0000019c94589e48
Event: 4.549 Thread 0x0000019ca417e240 Implicit null exception at 0x0000019c9458999f to 0x0000019c94589e48
Event: 4.549 Thread 0x0000019ca417e240 Implicit null exception at 0x0000019c9458999f to 0x0000019c94589e48

VM Operations (20 events):
Event: 3.623 Executing VM operation: G1Concurrent
Event: 3.624 Executing VM operation: G1Concurrent done
Event: 3.629 Executing VM operation: G1Concurrent
Event: 3.629 Executing VM operation: G1Concurrent done
Event: 3.748 Executing VM operation: ICBufferFull
Event: 3.748 Executing VM operation: ICBufferFull done
Event: 4.055 Executing VM operation: HandshakeAllThreads
Event: 4.055 Executing VM operation: HandshakeAllThreads done
Event: 4.082 Executing VM operation: G1CollectForAllocation
Event: 4.085 Executing VM operation: G1CollectForAllocation done
Event: 4.185 Executing VM operation: HandshakeAllThreads
Event: 4.185 Executing VM operation: HandshakeAllThreads done
Event: 4.239 Executing VM operation: HandshakeAllThreads
Event: 4.239 Executing VM operation: HandshakeAllThreads done
Event: 4.518 Executing VM operation: ICBufferFull
Event: 4.518 Executing VM operation: ICBufferFull done
Event: 5.522 Executing VM operation: Cleanup
Event: 5.523 Executing VM operation: Cleanup done
Event: 7.537 Executing VM operation: Cleanup
Event: 7.537 Executing VM operation: Cleanup done

Events (20 events):
Event: 6.080 loading class javax/swing/JComponent$KeyboardState done
Event: 6.080 loading class javax/swing/JComponent$IntVector
Event: 6.080 loading class javax/swing/JComponent$IntVector done
Event: 6.080 loading class javax/swing/KeyboardManager
Event: 6.080 loading class javax/swing/KeyboardManager done
Event: 6.080 loading class javax/swing/Popup$HeavyWeightWindow
Event: 6.080 loading class sun/awt/ModalExclude
Event: 6.080 loading class sun/awt/ModalExclude done
Event: 6.080 loading class javax/swing/JWindow
Event: 6.080 loading class javax/swing/JWindow done
Event: 6.080 loading class javax/swing/Popup$HeavyWeightWindow done
Event: 6.832 Thread 0x0000019ca40dcc80 Thread exited: 0x0000019ca40dcc80
Event: 7.022 loading class java/awt/LightweightDispatcher$2
Event: 7.023 loading class java/awt/LightweightDispatcher$2 done
Event: 11.209 loading class java/util/WeakHashMap$KeyIterator
Event: 11.209 loading class java/util/WeakHashMap$HashIterator
Event: 11.209 loading class java/util/WeakHashMap$HashIterator done
Event: 11.209 loading class java/util/WeakHashMap$KeyIterator done
Event: 11.209 loading class javax/swing/RepaintManager$DisplayChangedRunnable
Event: 11.209 loading class javax/swing/RepaintManager$DisplayChangedRunnable done


Dynamic libraries:
0x00007ff7c2d40000 - 0x00007ff7c2d50000 	C:\Program Files\Java\jdk-17.0.5\bin\java.exe
0x00007ff94b360000 - 0x00007ff94b569000 	C:\WINDOWS\SYSTEM32\ntdll.dll
0x00007ff949660000 - 0x00007ff94971e000 	C:\WINDOWS\System32\KERNEL32.DLL
0x00007ff948830000 - 0x00007ff948bab000 	C:\WINDOWS\System32\KERNELBASE.dll
0x00007ff948e40000 - 0x00007ff948f51000 	C:\WINDOWS\System32\ucrtbase.dll
0x00007ff944e20000 - 0x00007ff944e3a000 	C:\Program Files\Java\jdk-17.0.5\bin\VCRUNTIME140.dll
0x00007ff91e2f0000 - 0x00007ff91e308000 	C:\Program Files\Java\jdk-17.0.5\bin\jli.dll
0x00007ff949400000 - 0x00007ff9494ae000 	C:\WINDOWS\System32\ADVAPI32.dll
0x00007ff949aa0000 - 0x00007ff949b43000 	C:\WINDOWS\System32\msvcrt.dll
0x00007ff94a3a0000 - 0x00007ff94a43e000 	C:\WINDOWS\System32\sechost.dll
0x00007ff94a770000 - 0x00007ff94a890000 	C:\WINDOWS\System32\RPCRT4.dll
0x00007ff94b090000 - 0x00007ff94b23d000 	C:\WINDOWS\System32\USER32.dll
0x00007ff948bb0000 - 0x00007ff948bd6000 	C:\WINDOWS\System32\win32u.dll
0x00007ff9280a0000 - 0x00007ff928345000 	C:\WINDOWS\WinSxS\amd64_microsoft.windows.common-controls_6595b64144ccf1df_6.0.22000.120_none_9d947278b86cc467\COMCTL32.dll
0x00007ff94aa80000 - 0x00007ff94aaa9000 	C:\WINDOWS\System32\GDI32.dll
0x00007ff9490c0000 - 0x00007ff9491d8000 	C:\WINDOWS\System32\gdi32full.dll
0x00007ff948f60000 - 0x00007ff948ffd000 	C:\WINDOWS\System32\msvcp_win.dll
0x00007ff9431a0000 - 0x00007ff9431aa000 	C:\WINDOWS\SYSTEM32\VERSION.dll
0x00007ff94aa40000 - 0x00007ff94aa72000 	C:\WINDOWS\System32\IMM32.DLL
0x00007ff944e10000 - 0x00007ff944e1c000 	C:\Program Files\Java\jdk-17.0.5\bin\vcruntime140_1.dll
0x00007ff91f760000 - 0x00007ff91f7ed000 	C:\Program Files\Java\jdk-17.0.5\bin\msvcp140.dll
0x00007ff8c43f0000 - 0x00007ff8c4fb2000 	C:\Program Files\Java\jdk-17.0.5\bin\server\jvm.dll
0x00007ff949570000 - 0x00007ff949578000 	C:\WINDOWS\System32\PSAPI.DLL
0x00007ff944e40000 - 0x00007ff944e49000 	C:\WINDOWS\SYSTEM32\WSOCK32.dll
0x00007ff9425a0000 - 0x00007ff9425d3000 	C:\WINDOWS\SYSTEM32\WINMM.dll
0x00007ff949580000 - 0x00007ff9495ef000 	C:\WINDOWS\System32\WS2_32.dll
0x00007ff9478b0000 - 0x00007ff9478c8000 	C:\WINDOWS\SYSTEM32\kernel.appcore.dll
0x00007ff9433b0000 - 0x00007ff9433ba000 	C:\Program Files\Java\jdk-17.0.5\bin\jimage.dll
0x00007ff946570000 - 0x00007ff946791000 	C:\WINDOWS\SYSTEM32\DBGHELP.DLL
0x00007ff92b280000 - 0x00007ff92b2b1000 	C:\WINDOWS\SYSTEM32\dbgcore.DLL
0x00007ff948c50000 - 0x00007ff948ccf000 	C:\WINDOWS\System32\bcryptPrimitives.dll
0x00007ff9345a0000 - 0x00007ff9345c5000 	C:\Program Files\Java\jdk-17.0.5\bin\java.dll
0x00007ff91f9a0000 - 0x00007ff91fa76000 	C:\Program Files\Java\jdk-17.0.5\bin\jsvml.dll
0x00007ff949b50000 - 0x00007ff94a308000 	C:\WINDOWS\System32\SHELL32.dll
0x00007ff946920000 - 0x00007ff947185000 	C:\WINDOWS\SYSTEM32\windows.storage.dll
0x00007ff949720000 - 0x00007ff949a98000 	C:\WINDOWS\System32\combase.dll
0x00007ff9467b0000 - 0x00007ff946916000 	C:\WINDOWS\SYSTEM32\wintypes.dll
0x00007ff94a680000 - 0x00007ff94a76a000 	C:\WINDOWS\System32\SHCORE.dll
0x00007ff94b2c0000 - 0x00007ff94b31d000 	C:\WINDOWS\System32\shlwapi.dll
0x00007ff948760000 - 0x00007ff948781000 	C:\WINDOWS\SYSTEM32\profapi.dll
0x00007ff932150000 - 0x00007ff932169000 	C:\Program Files\Java\jdk-17.0.5\bin\net.dll
0x00007ff942e30000 - 0x00007ff942f44000 	C:\WINDOWS\SYSTEM32\WINHTTP.dll
0x00007ff947d50000 - 0x00007ff947db7000 	C:\WINDOWS\system32\mswsock.dll
0x00007ff920fb0000 - 0x00007ff920fc6000 	C:\Program Files\Java\jdk-17.0.5\bin\nio.dll
0x00007ff91f980000 - 0x00007ff91f998000 	C:\Program Files\Java\jdk-17.0.5\bin\zip.dll
0x00007ff91f7f0000 - 0x00007ff91f97f000 	C:\Program Files\Java\jdk-17.0.5\bin\awt.dll
0x00007ff94aad0000 - 0x00007ff94aba6000 	C:\WINDOWS\System32\OLEAUT32.dll
0x00007ff945a90000 - 0x00007ff945b22000 	C:\WINDOWS\SYSTEM32\apphelp.dll
0x00007ff945c50000 - 0x00007ff945cfc000 	C:\WINDOWS\system32\uxtheme.dll
0x00007ff94a470000 - 0x00007ff94a58d000 	C:\WINDOWS\System32\MSCTF.dll
0x00007ff94a890000 - 0x00007ff94aa2a000 	C:\WINDOWS\System32\ole32.dll
0x00007ff945fb0000 - 0x00007ff945fdf000 	C:\WINDOWS\system32\DWMAPI.DLL
0x00007ff91f6d0000 - 0x00007ff91f756000 	C:\Program Files\Java\jdk-17.0.5\bin\freetype.dll
0x00007ff91f600000 - 0x00007ff91f6c5000 	C:\Program Files\Java\jdk-17.0.5\bin\fontmanager.dll
0x00007ff90e400000 - 0x00007ff90e501000 	C:\WINDOWS\system32\opengl32.dll
0x00007ff90ede0000 - 0x00007ff90ee0d000 	C:\WINDOWS\SYSTEM32\GLU32.dll
0x00007ff945d50000 - 0x00007ff945d88000 	C:\WINDOWS\SYSTEM32\dxcore.dll
0x00007ff9188c0000 - 0x00007ff9189ed000 	C:\WINDOWS\SYSTEM32\textinputframework.dll
0x00007ff9453a0000 - 0x00007ff9454d1000 	C:\WINDOWS\SYSTEM32\CoreMessaging.dll
0x00007ff941920000 - 0x00007ff941c8d000 	C:\WINDOWS\SYSTEM32\CoreUIComponents.dll
0x00007ff948020000 - 0x00007ff94802c000 	C:\WINDOWS\SYSTEM32\CRYPTBASE.DLL
0x00007ff9433a0000 - 0x00007ff9433b0000 	C:\Program Files\Java\jdk-17.0.5\bin\verify.dll
0x00007ff948000000 - 0x00007ff948018000 	C:\WINDOWS\SYSTEM32\CRYPTSP.dll
0x00007ff947810000 - 0x00007ff947845000 	C:\WINDOWS\system32\rsaenh.dll
0x00007ff947eb0000 - 0x00007ff947ed9000 	C:\WINDOWS\SYSTEM32\USERENV.dll
0x00007ff9481c0000 - 0x00007ff9481e7000 	C:\WINDOWS\SYSTEM32\bcrypt.dll
0x00007ff9473e0000 - 0x00007ff94740d000 	C:\WINDOWS\SYSTEM32\IPHLPAPI.DLL
0x00007ff94a460000 - 0x00007ff94a469000 	C:\WINDOWS\System32\NSI.dll
0x00007ff943130000 - 0x00007ff943149000 	C:\WINDOWS\SYSTEM32\dhcpcsvc6.DLL
0x00007ff9432a0000 - 0x00007ff9432be000 	C:\WINDOWS\SYSTEM32\dhcpcsvc.DLL
0x00007ff947450000 - 0x00007ff947538000 	C:\WINDOWS\SYSTEM32\DNSAPI.dll
0x00007ff944840000 - 0x00007ff944857000 	C:\WINDOWS\system32\napinsp.dll
0x00007ff942c40000 - 0x00007ff942c5b000 	C:\WINDOWS\system32\pnrpnsp.dll
0x00007ff8f2890000 - 0x00007ff8f28a2000 	C:\WINDOWS\System32\winrnr.dll
0x00007ff913280000 - 0x00007ff913295000 	C:\WINDOWS\system32\wshbth.dll
0x00007ff8f7850000 - 0x00007ff8f786f000 	C:\WINDOWS\system32\nlansp_c.dll
0x00007ff939030000 - 0x00007ff93903a000 	C:\Windows\System32\rasadhlp.dll
0x00007ff941490000 - 0x00007ff941511000 	C:\WINDOWS\System32\fwpuclnt.dll
0x00007ff944f20000 - 0x00007ff944f2e000 	C:\Program Files\Java\jdk-17.0.5\bin\sunmscapi.dll
0x00007ff948cd0000 - 0x00007ff948e32000 	C:\WINDOWS\System32\CRYPT32.dll
0x00007ff948160000 - 0x00007ff948188000 	C:\WINDOWS\SYSTEM32\ncrypt.dll
0x00007ff948120000 - 0x00007ff948157000 	C:\WINDOWS\SYSTEM32\NTASN1.dll
0x00007ff9494b0000 - 0x00007ff949565000 	C:\WINDOWS\System32\clbcatq.dll
0x00007ff93ffc0000 - 0x00007ff94016e000 	C:\WINDOWS\SYSTEM32\WindowsCodecs.dll
0x00007ff90fd60000 - 0x00007ff90fdbd000 	C:\WINDOWS\system32\dataexchange.dll
0x00007ff944050000 - 0x00007ff9442b6000 	C:\WINDOWS\system32\twinapi.appcore.dll
0x00007ff910df0000 - 0x00007ff910e9e000 	C:\WINDOWS\SYSTEM32\TextShaping.dll

dbghelp: loaded successfully - version: 4.0.5 - missing functions: none
symbol engine: initialized successfully - sym options: 0x614 - pdb path: .;C:\Program Files\Java\jdk-17.0.5\bin;C:\WINDOWS\SYSTEM32;C:\WINDOWS\WinSxS\amd64_microsoft.windows.common-controls_6595b64144ccf1df_6.0.22000.120_none_9d947278b86cc467;C:\Program Files\Java\jdk-17.0.5\bin\server

VM Arguments:
java_command: view.GiaoDienQuanLy
java_class_path (initial): C:\Users\FPT SHOP\OneDrive\Desktop\PRO1041_DUAN1_BLOCK2 (1)\PRO1041_DUAN1_BLOCK2\target\classes;C:\Users\FPT SHOP\.m2\repository\com\microsoft\sqlserver\mssql-jdbc\7.4.0.jre11\mssql-jdbc-7.4.0.jre11.jar;C:\Users\FPT SHOP\.m2\repository\org\hibernate\orm\hibernate-core\6.1.5.Final\hibernate-core-6.1.5.Final.jar;C:\Users\FPT SHOP\.m2\repository\jakarta\persistence\jakarta.persistence-api\3.0.0\jakarta.persistence-api-3.0.0.jar;C:\Users\FPT SHOP\.m2\repository\jakarta\transaction\jakarta.transaction-api\2.0.0\jakarta.transaction-api-2.0.0.jar;C:\Users\FPT SHOP\.m2\repository\org\jboss\logging\jboss-logging\3.4.3.Final\jboss-logging-3.4.3.Final.jar;C:\Users\FPT SHOP\.m2\repository\org\hibernate\common\hibernate-commons-annotations\6.0.2.Final\hibernate-commons-annotations-6.0.2.Final.jar;C:\Users\FPT SHOP\.m2\repository\org\jboss\jandex\2.4.2.Final\jandex-2.4.2.Final.jar;C:\Users\FPT SHOP\.m2\repository\com\fasterxml\classmate\1.5.1\classmate-1.5.1.jar;C:\Users\FPT SHOP\.m2\repository\net\bytebuddy\byte-buddy\1.12.18\byte-buddy-1.12.18.jar;C:\Users\FPT SHOP\.m2\repository\jakarta\xml\bind\jakarta.xml.bind-api\3.0.1\jakarta.xml.bind-api-3.0.1.jar;C:\Users\FPT SHOP\.m2\repository\com\sun\activation\jakarta.activation\2.0.1\jakarta.activation-2.0.1.jar;C:\Users\FPT SHOP\.m2\repository\org\glassfish\jaxb\jaxb-runtime\3.0.2\jaxb-runtime-3.0.2.jar;C:\Users\FPT SHOP\.m2\repository\org\glassfish\jaxb\jaxb-core\3.0.2\jaxb-core-3.0.2.jar;C:\Users\FPT SHOP\.m2\repository\org\glassfish\jaxb\txw2\3.0.2\txw2-3.0.2.jar;C:\Users\FPT SHOP\.m2\repository\com\sun\istack\istack-commons-runtime\4.0.1\istack-commons-runtime-4.0.1.jar;C:\Users\FPT SHOP\.m2\repository\jakarta\inject\jakarta.inject-api\2.0.0\jakarta.inject-api-2.0.0.jar;C:\Users\FPT SHOP\.m2\repository\org\antlr\antlr4-runtime\4.10.1\antlr4-runtime-4.10.1.jar;C:\Users\FPT SHOP\.m2\repository\org\apache\poi\poi\5.2.3\poi-5.2.3.jar;C:\Users\FPT SHOP\.m2\repository\commons-codec\commons-codec\1.15\comm
Launcher Type: SUN_STANDARD

[Global flags]
     intx CICompilerCount                          = 4                                         {product} {ergonomic}
     uint ConcGCThreads                            = 2                                         {product} {ergonomic}
     uint G1ConcRefinementThreads                  = 8                                         {product} {ergonomic}
   size_t G1HeapRegionSize                         = 1048576                                   {product} {ergonomic}
    uintx GCDrainStackTargetSize                   = 64                                        {product} {ergonomic}
   size_t InitialHeapSize                          = 132120576                                 {product} {ergonomic}
   size_t MarkStackSize                            = 4194304                                   {product} {ergonomic}
   size_t MaxHeapSize                              = 2090860544                                {product} {ergonomic}
   size_t MaxNewSize                               = 1254096896                                {product} {ergonomic}
   size_t MinHeapDeltaBytes                        = 1048576                                   {product} {ergonomic}
   size_t MinHeapSize                              = 8388608                                   {product} {ergonomic}
    uintx NonNMethodCodeHeapSize                   = 5839372                                {pd product} {ergonomic}
    uintx NonProfiledCodeHeapSize                  = 122909434                              {pd product} {ergonomic}
    uintx ProfiledCodeHeapSize                     = 122909434                              {pd product} {ergonomic}
    uintx ReservedCodeCacheSize                    = 251658240                              {pd product} {ergonomic}
     bool SegmentedCodeCache                       = true                                      {product} {ergonomic}
   size_t SoftMaxHeapSize                          = 2090860544                             {manageable} {ergonomic}
     bool UseCompressedClassPointers               = true                           {product lp64_product} {ergonomic}
     bool UseCompressedOops                        = true                           {product lp64_product} {ergonomic}
     bool UseG1GC                                  = true                                      {product} {ergonomic}
     bool UseLargePagesIndividualAllocation        = false                                  {pd product} {ergonomic}

Logging:
Log output configuration:
 #0: stdout all=warning uptime,level,tags
 #1: stderr all=off uptime,level,tags

Environment Variables:
JAVA_HOME=C:\Program Files\Java\jdk-17.0.5
PATH=C:\Program Files\Common Files\Oracle\Java\javapath;C:\Program Files (x86)\Common Files\Oracle\Java\javapath;C:\Windows\system32;C:\Windows;C:\Windows\System32\Wbem;C:\Windows\System32\WindowsPowerShell\v1.0\;C:\Windows\System32\OpenSSH\;C:\Program Files (x86)\NVIDIA Corporation\PhysX\Common;C:\Program Files\NVIDIA Corporation\NVIDIA NvDLISR\;C:\Program Files\Java\jdk1.8.0_311\bin;.;C:\WINDOWS\system32;C:\WINDOWS;C:\WINDOWS\System32\Wbem;C:\WINDOWS\System32\WindowsPowerShell\v1.0\;C:\WINDOWS\System32\OpenSSH\;C:\Program Files\Microsoft SQL Server\Client SDK\ODBC\170\Tools\Binn\;C:\Program Files (x86)\Microsoft SQL Server\150\Tools\Binn\;C:\Program Files\Microsoft SQL Server\150\Tools\Binn\;C:\Program Files\Microsoft SQL Server\150\DTS\Binn\;C:\Program Files\Azure Data Studio\bin;C:\Program Files (x86)\Microsoft SQL Server\150\DTS\Binn\;C:\Program Files\Git\cmd;C:\Users\FPT SHOP\AppData\Local\Microsoft\WindowsApps;C:\Program Files\Azure Data Studio\bin;C:\Users\FPT SHOP\AppData\Local\Programs\Microsoft VS Code\bin;C:\Users\FPT SHOP\AppData\Local\GitHubDesktop\bin
USERNAME=Hoang
OS=Windows_NT
PROCESSOR_IDENTIFIER=Intel64 Family 6 Model 126 Stepping 5, GenuineIntel



---------------  S Y S T E M  ---------------

OS:
 Windows 11 , 64 bit Build 22000 (10.0.22000.1219)
OS uptime: 0 days 4:10 hours

CPU: total 8 (initial active 8) (4 cores per cpu, 2 threads per core) family 6 model 126 stepping 5 microcode 0x86, cx8, cmov, fxsr, ht, mmx, 3dnowpref, sse, sse2, sse3, ssse3, sse4.1, sse4.2, popcnt, lzcnt, tsc, tscinvbit, avx, avx2, aes, erms, clmul, bmi1, bmi2, adx, avx512f, avx512dq, avx512cd, avx512bw, avx512vl, sha, fma, vzeroupper, avx512_vpopcntdq, avx512_vpclmulqdq, avx512_vaes, avx512_vnni, clflush, clflushopt, avx512_vbmi2, avx512_vbmi

Memory: 4k page, system-wide physical 7969M (594M free)
TotalPageFile size 12065M (AvailPageFile size 1M)
current process WorkingSet (physical memory assigned to process): 197M, peak: 207M
current process commit charge ("private bytes"): 231M, peak: 264M

vm_info: Java HotSpot(TM) 64-Bit Server VM (17.0.5+9-LTS-191) for windows-amd64 JRE (17.0.5+9-LTS-191), built on Sep 13 2022 17:31:43 by "mach5one" with MS VC++ 16.8 / 16.9 (VS2019)

END.
