#
# There is insufficient memory for the Java Runtime Environment to continue.
# Native memory allocation (malloc) failed to allocate 32744 bytes for ChunkPool::allocate
# Possible reasons:
#   The system is out of physical RAM or swap space
#   The process is running with CompressedOops enabled, and the Java Heap may be blocking the growth of the native heap
# Possible solutions:
#   Reduce memory load on the system
#   Increase physical memory or swap space
#   Check if swap backing store is full
#   Decrease Java heap size (-Xmx/-Xms)
#   Decrease number of Java threads
#   Decrease Java thread stack sizes (-Xss)
#   Set larger code cache with -XX:ReservedCodeCacheSize=
#   JVM is running with Unscaled Compressed Oops mode in which the Java heap is
#     placed in the first 4GB address space. The Java Heap base address is the
#     maximum limit for the native heap growth. Please use -XX:HeapBaseMinAddress
#     to set the Java Heap base and to place the Java Heap above 4GB virtual address.
# This output file may be truncated or incomplete.
#
#  Out of Memory Error (arena.cpp:78), pid=8972, tid=3100
#
# JRE version: Java(TM) SE Runtime Environment (17.0.5+9) (build 17.0.5+9-LTS-191)
# Java VM: Java HotSpot(TM) 64-Bit Server VM (17.0.5+9-LTS-191, mixed mode, sharing, tiered, compressed oops, compressed class ptrs, g1 gc, windows-amd64)
# No core dump will be written. Minidumps are not enabled by default on client versions of Windows
#

---------------  S U M M A R Y ------------

Command Line: -Dclassworlds.conf=C:\Program Files\NetBeans-12.0\netbeans\java\maven\bin\..\bin\m2.conf -Dmaven.home=C:\Program Files\NetBeans-12.0\netbeans\java\maven\bin\.. -Dlibrary.jansi.path=C:\Program Files\NetBeans-12.0\netbeans\java\maven\bin\..\lib\jansi-native -Dmaven.multiModuleProjectDirectory=C:\Users\FPT SHOP\OneDrive\Desktop\PRO1041_DUAN1_BLOCK2 (1)\PRO1041_DUAN1_BLOCK2 org.codehaus.plexus.classworlds.launcher.Launcher -Dexec.args=-classpath %classpath view.GiaoDienQuanLy -Dexec.executable=C:\Program Files\Java\jdk-17.0.5\bin\java.exe -Dmaven.ext.class.path=C:\Program Files\NetBeans-12.0\netbeans\java\maven-nblib\netbeans-eventspy.jar -Dfile.encoding=UTF-8 org.codehaus.mojo:exec-maven-plugin:1.5.0:exec

Host: Intel(R) Core(TM) i5-1035G1 CPU @ 1.00GHz, 8 cores, 7G,  Windows 11 , 64 bit Build 22000 (10.0.22000.1219)
Time: Tue Dec  6 01:17:04 2022 SE Asia Standard Time elapsed time: 14.361034 seconds (0d 0h 0m 14s)

---------------  T H R E A D  ---------------

Current thread (0x000001853bb55b20):  JavaThread "C2 CompilerThread0" daemon [_thread_in_vm, id=3100, stack(0x00000044d7b00000,0x00000044d7c00000)]


Current CompileTask:
C2:  14361 3249  s    4       org.fusesource.jansi.AnsiPrintStream::filter (948 bytes)

Stack: [0x00000044d7b00000,0x00000044d7c00000]
Native frames: (J=compiled Java code, j=interpreted, Vv=VM code, C=native code)
V  [jvm.dll+0x672eea]
V  [jvm.dll+0x7d2a04]
V  [jvm.dll+0x7d41ae]
V  [jvm.dll+0x7d4813]
V  [jvm.dll+0x242c15]
V  [jvm.dll+0xaa7c0]
V  [jvm.dll+0xaab0c]
V  [jvm.dll+0xaa6c]
V  [jvm.dll+0x1d3421]
V  [jvm.dll+0x1c922d]
V  [jvm.dll+0x1d2a72]
V  [jvm.dll+0x1d3233]
V  [jvm.dll+0x1c1f80]
V  [jvm.dll+0x1c1b90]
V  [jvm.dll+0x1d64d0]
V  [jvm.dll+0x1dae17]
V  [jvm.dll+0x1d8ebf]
V  [jvm.dll+0x1db23a]
V  [jvm.dll+0x1daa67]
V  [jvm.dll+0x1db9e1]
V  [jvm.dll+0x1dacee]
V  [jvm.dll+0x1caa60]
V  [jvm.dll+0x123dde]
V  [jvm.dll+0x2a6e00]
V  [jvm.dll+0x2a8b1a]
V  [jvm.dll+0x68b395]
V  [jvm.dll+0x68334b]
V  [jvm.dll+0x682987]
V  [jvm.dll+0x680882]
V  [jvm.dll+0x1a4b0c]
V  [jvm.dll+0x214ca8]
V  [jvm.dll+0x1a18ed]
V  [jvm.dll+0x22493a]
V  [jvm.dll+0x222aa5]
V  [jvm.dll+0x7885db]
V  [jvm.dll+0x782b4a]
V  [jvm.dll+0x671d75]
C  [ucrtbase.dll+0x26c0c]
C  [KERNEL32.DLL+0x15550]
C  [ntdll.dll+0x485b]


---------------  P R O C E S S  ---------------

Threads class SMR info:
_java_thread_list=0x000001853df1e520, length=15, elements={
0x000001851db33520, 0x000001853bb36220, 0x000001853bb37be0, 0x000001853bb53080,
0x000001853bb53a30, 0x000001853bb543e0, 0x000001853bb54d90, 0x000001853bb55b20,
0x000001853bb6b080, 0x000001853bb6ba70, 0x000001853c5fe7a0, 0x000001853c608ce0,
0x000001853de56340, 0x000001853e0ca710, 0x000001853e0cabe0
}

Java Threads: ( => current thread )
  0x000001851db33520 JavaThread "main" [_thread_in_native, id=9456, stack(0x00000044d6e00000,0x00000044d6f00000)]
  0x000001853bb36220 JavaThread "Reference Handler" daemon [_thread_blocked, id=12552, stack(0x00000044d7500000,0x00000044d7600000)]
  0x000001853bb37be0 JavaThread "Finalizer" daemon [_thread_blocked, id=8548, stack(0x00000044d7600000,0x00000044d7700000)]
  0x000001853bb53080 JavaThread "Signal Dispatcher" daemon [_thread_blocked, id=12956, stack(0x00000044d7700000,0x00000044d7800000)]
  0x000001853bb53a30 JavaThread "Attach Listener" daemon [_thread_blocked, id=11852, stack(0x00000044d7800000,0x00000044d7900000)]
  0x000001853bb543e0 JavaThread "Service Thread" daemon [_thread_blocked, id=2028, stack(0x00000044d7900000,0x00000044d7a00000)]
  0x000001853bb54d90 JavaThread "Monitor Deflation Thread" daemon [_thread_blocked, id=2128, stack(0x00000044d7a00000,0x00000044d7b00000)]
=>0x000001853bb55b20 JavaThread "C2 CompilerThread0" daemon [_thread_in_vm, id=3100, stack(0x00000044d7b00000,0x00000044d7c00000)]
  0x000001853bb6b080 JavaThread "C1 CompilerThread0" daemon [_thread_blocked, id=9608, stack(0x00000044d7c00000,0x00000044d7d00000)]
  0x000001853bb6ba70 JavaThread "Sweeper thread" daemon [_thread_blocked, id=12128, stack(0x00000044d7d00000,0x00000044d7e00000)]
  0x000001853c5fe7a0 JavaThread "Notification Thread" daemon [_thread_blocked, id=5776, stack(0x00000044d7e00000,0x00000044d7f00000)]
  0x000001853c608ce0 JavaThread "Common-Cleaner" daemon [_thread_blocked, id=14200, stack(0x00000044d8000000,0x00000044d8100000)]
  0x000001853de56340 JavaThread "Exec Stream Pumper" daemon [_thread_in_native, id=9848, stack(0x00000044d8a00000,0x00000044d8b00000)]
  0x000001853e0ca710 JavaThread "Exec Stream Pumper" daemon [_thread_in_native, id=14240, stack(0x00000044d8b00000,0x00000044d8c00000)]
  0x000001853e0cabe0 JavaThread "Exec Input Stream Pumper" daemon [_thread_blocked, id=4868, stack(0x00000044d8c00000,0x00000044d8d00000)]

Other Threads:
  0x000001853bb32280 VMThread "VM Thread" [stack: 0x00000044d7400000,0x00000044d7500000] [id=9956]
  0x000001851dba8ea0 WatcherThread [stack: 0x00000044d7f00000,0x00000044d8000000] [id=9800]
  0x000001851db8fb40 GCTaskThread "GC Thread#0" [stack: 0x00000044d6f00000,0x00000044d7000000] [id=15096]
  0x000001853c6c0830 GCTaskThread "GC Thread#1" [stack: 0x00000044d8300000,0x00000044d8400000] [id=1440]
  0x000001853d24e830 GCTaskThread "GC Thread#2" [stack: 0x00000044d8400000,0x00000044d8500000] [id=8312]
  0x000001853cfffa10 GCTaskThread "GC Thread#3" [stack: 0x00000044d8500000,0x00000044d8600000] [id=2420]
  0x000001853cfec7a0 GCTaskThread "GC Thread#4" [stack: 0x00000044d8600000,0x00000044d8700000] [id=8344]
  0x000001853d9758c0 GCTaskThread "GC Thread#5" [stack: 0x00000044d8700000,0x00000044d8800000] [id=5524]
  0x000001853d481530 GCTaskThread "GC Thread#6" [stack: 0x00000044d8800000,0x00000044d8900000] [id=2348]
  0x000001853db0bb60 GCTaskThread "GC Thread#7" [stack: 0x00000044d8200000,0x00000044d8300000] [id=11840]
  0x000001851dba0420 ConcurrentGCThread "G1 Main Marker" [stack: 0x00000044d7000000,0x00000044d7100000] [id=12504]
  0x000001851dba24e0 ConcurrentGCThread "G1 Conc#0" [stack: 0x00000044d7100000,0x00000044d7200000] [id=4372]
  0x000001851dc0e100 ConcurrentGCThread "G1 Refine#0" [stack: 0x00000044d7200000,0x00000044d7300000] [id=600]
  0x000001851dc0e8c0 ConcurrentGCThread "G1 Service" [stack: 0x00000044d7300000,0x00000044d7400000] [id=5276]

Threads with active compile tasks:
C2 CompilerThread0    14393 3249  s    4       org.fusesource.jansi.AnsiPrintStream::filter (948 bytes)

VM state: not at safepoint (normal execution)

VM Mutex/Monitor currently owned by a thread: None

Heap address: 0x0000000083600000, size: 1994 MB, Compressed Oops mode: 32-bit

CDS archive(s) mapped at: [0x0000000800000000-0x0000000800bd0000-0x0000000800bd0000), size 12386304, SharedBaseAddress: 0x0000000800000000, ArchiveRelocationMode: 0.
Compressed class space mapped at: 0x0000000800c00000-0x0000000840c00000, reserved size: 1073741824
Narrow klass base: 0x0000000800000000, Narrow klass shift: 0, Narrow klass range: 0x100000000

GC Precious Log:
 CPUs: 8 total, 8 available
 Memory: 7969M
 Large Page Support: Disabled
 NUMA Support: Disabled
 Compressed Oops: Enabled (32-bit)
 Heap Region Size: 1M
 Heap Min Capacity: 8M
 Heap Initial Capacity: 126M
 Heap Max Capacity: 1994M
 Pre-touch: Disabled
 Parallel Workers: 8
 Concurrent Workers: 2
 Concurrent Refinement Workers: 8
 Periodic GC: Disabled

Heap:
 garbage-first heap   total 129024K, used 62996K [0x0000000083600000, 0x0000000100000000)
  region size 1024K, 60 young (61440K), 3 survivors (3072K)
 Metaspace       used 13634K, committed 13888K, reserved 1064960K
  class space    used 1557K, committed 1664K, reserved 1048576K

Heap Regions: E=young(eden), S=young(survivor), O=old, HS=humongous(starts), HC=humongous(continues), CS=collection set, F=free, OA=open archive, CA=closed archive, TAMS=top-at-mark-start (previous, next)
|   0|0x0000000083600000, 0x0000000083700000, 0x0000000083700000|100%| O|  |TAMS 0x0000000083600000, 0x0000000083600000| Untracked 
|   1|0x0000000083700000, 0x0000000083800000, 0x0000000083800000|100%| O|  |TAMS 0x0000000083700000, 0x0000000083700000| Untracked 
|   2|0x0000000083800000, 0x0000000083900000, 0x0000000083900000|100%| O|  |TAMS 0x0000000083800000, 0x0000000083800000| Untracked 
|   3|0x0000000083900000, 0x000000008395be00, 0x0000000083a00000| 35%| O|  |TAMS 0x0000000083900000, 0x0000000083900000| Untracked 
|   4|0x0000000083a00000, 0x0000000083a00000, 0x0000000083b00000|  0%| F|  |TAMS 0x0000000083a00000, 0x0000000083a00000| Untracked 
|   5|0x0000000083b00000, 0x0000000083b00000, 0x0000000083c00000|  0%| F|  |TAMS 0x0000000083b00000, 0x0000000083b00000| Untracked 
|   6|0x0000000083c00000, 0x0000000083c00000, 0x0000000083d00000|  0%| F|  |TAMS 0x0000000083c00000, 0x0000000083c00000| Untracked 
|   7|0x0000000083d00000, 0x0000000083d00000, 0x0000000083e00000|  0%| F|  |TAMS 0x0000000083d00000, 0x0000000083d00000| Untracked 
|   8|0x0000000083e00000, 0x0000000083e00000, 0x0000000083f00000|  0%| F|  |TAMS 0x0000000083e00000, 0x0000000083e00000| Untracked 
|   9|0x0000000083f00000, 0x0000000083f00000, 0x0000000084000000|  0%| F|  |TAMS 0x0000000083f00000, 0x0000000083f00000| Untracked 
|  10|0x0000000084000000, 0x0000000084000000, 0x0000000084100000|  0%| F|  |TAMS 0x0000000084000000, 0x0000000084000000| Untracked 
|  11|0x0000000084100000, 0x0000000084100000, 0x0000000084200000|  0%| F|  |TAMS 0x0000000084100000, 0x0000000084100000| Untracked 
|  12|0x0000000084200000, 0x0000000084200000, 0x0000000084300000|  0%| F|  |TAMS 0x0000000084200000, 0x0000000084200000| Untracked 
|  13|0x0000000084300000, 0x0000000084300000, 0x0000000084400000|  0%| F|  |TAMS 0x0000000084300000, 0x0000000084300000| Untracked 
|  14|0x0000000084400000, 0x0000000084400000, 0x0000000084500000|  0%| F|  |TAMS 0x0000000084400000, 0x0000000084400000| Untracked 
|  15|0x0000000084500000, 0x0000000084500000, 0x0000000084600000|  0%| F|  |TAMS 0x0000000084500000, 0x0000000084500000| Untracked 
|  16|0x0000000084600000, 0x0000000084600000, 0x0000000084700000|  0%| F|  |TAMS 0x0000000084600000, 0x0000000084600000| Untracked 
|  17|0x0000000084700000, 0x0000000084700000, 0x0000000084800000|  0%| F|  |TAMS 0x0000000084700000, 0x0000000084700000| Untracked 
|  18|0x0000000084800000, 0x0000000084800000, 0x0000000084900000|  0%| F|  |TAMS 0x0000000084800000, 0x0000000084800000| Untracked 
|  19|0x0000000084900000, 0x0000000084900000, 0x0000000084a00000|  0%| F|  |TAMS 0x0000000084900000, 0x0000000084900000| Untracked 
|  20|0x0000000084a00000, 0x0000000084a00000, 0x0000000084b00000|  0%| F|  |TAMS 0x0000000084a00000, 0x0000000084a00000| Untracked 
|  21|0x0000000084b00000, 0x0000000084b00000, 0x0000000084c00000|  0%| F|  |TAMS 0x0000000084b00000, 0x0000000084b00000| Untracked 
|  22|0x0000000084c00000, 0x0000000084c00000, 0x0000000084d00000|  0%| F|  |TAMS 0x0000000084c00000, 0x0000000084c00000| Untracked 
|  23|0x0000000084d00000, 0x0000000084d00000, 0x0000000084e00000|  0%| F|  |TAMS 0x0000000084d00000, 0x0000000084d00000| Untracked 
|  24|0x0000000084e00000, 0x0000000084e00000, 0x0000000084f00000|  0%| F|  |TAMS 0x0000000084e00000, 0x0000000084e00000| Untracked 
|  25|0x0000000084f00000, 0x0000000084f00000, 0x0000000085000000|  0%| F|  |TAMS 0x0000000084f00000, 0x0000000084f00000| Untracked 
|  26|0x0000000085000000, 0x0000000085000000, 0x0000000085100000|  0%| F|  |TAMS 0x0000000085000000, 0x0000000085000000| Untracked 
|  27|0x0000000085100000, 0x0000000085100000, 0x0000000085200000|  0%| F|  |TAMS 0x0000000085100000, 0x0000000085100000| Untracked 
|  28|0x0000000085200000, 0x0000000085200000, 0x0000000085300000|  0%| F|  |TAMS 0x0000000085200000, 0x0000000085200000| Untracked 
|  29|0x0000000085300000, 0x0000000085300000, 0x0000000085400000|  0%| F|  |TAMS 0x0000000085300000, 0x0000000085300000| Untracked 
|  30|0x0000000085400000, 0x0000000085400000, 0x0000000085500000|  0%| F|  |TAMS 0x0000000085400000, 0x0000000085400000| Untracked 
|  31|0x0000000085500000, 0x0000000085500000, 0x0000000085600000|  0%| F|  |TAMS 0x0000000085500000, 0x0000000085500000| Untracked 
|  32|0x0000000085600000, 0x0000000085600000, 0x0000000085700000|  0%| F|  |TAMS 0x0000000085600000, 0x0000000085600000| Untracked 
|  33|0x0000000085700000, 0x0000000085700000, 0x0000000085800000|  0%| F|  |TAMS 0x0000000085700000, 0x0000000085700000| Untracked 
|  34|0x0000000085800000, 0x0000000085800000, 0x0000000085900000|  0%| F|  |TAMS 0x0000000085800000, 0x0000000085800000| Untracked 
|  35|0x0000000085900000, 0x0000000085900000, 0x0000000085a00000|  0%| F|  |TAMS 0x0000000085900000, 0x0000000085900000| Untracked 
|  36|0x0000000085a00000, 0x0000000085a00000, 0x0000000085b00000|  0%| F|  |TAMS 0x0000000085a00000, 0x0000000085a00000| Untracked 
|  37|0x0000000085b00000, 0x0000000085b00000, 0x0000000085c00000|  0%| F|  |TAMS 0x0000000085b00000, 0x0000000085b00000| Untracked 
|  38|0x0000000085c00000, 0x0000000085c00000, 0x0000000085d00000|  0%| F|  |TAMS 0x0000000085c00000, 0x0000000085c00000| Untracked 
|  39|0x0000000085d00000, 0x0000000085d00000, 0x0000000085e00000|  0%| F|  |TAMS 0x0000000085d00000, 0x0000000085d00000| Untracked 
|  40|0x0000000085e00000, 0x0000000085e00000, 0x0000000085f00000|  0%| F|  |TAMS 0x0000000085e00000, 0x0000000085e00000| Untracked 
|  41|0x0000000085f00000, 0x0000000085f00000, 0x0000000086000000|  0%| F|  |TAMS 0x0000000085f00000, 0x0000000085f00000| Untracked 
|  42|0x0000000086000000, 0x0000000086000000, 0x0000000086100000|  0%| F|  |TAMS 0x0000000086000000, 0x0000000086000000| Untracked 
|  43|0x0000000086100000, 0x0000000086100000, 0x0000000086200000|  0%| F|  |TAMS 0x0000000086100000, 0x0000000086100000| Untracked 
|  44|0x0000000086200000, 0x0000000086200000, 0x0000000086300000|  0%| F|  |TAMS 0x0000000086200000, 0x0000000086200000| Untracked 
|  45|0x0000000086300000, 0x0000000086300000, 0x0000000086400000|  0%| F|  |TAMS 0x0000000086300000, 0x0000000086300000| Untracked 
|  46|0x0000000086400000, 0x0000000086400000, 0x0000000086500000|  0%| F|  |TAMS 0x0000000086400000, 0x0000000086400000| Untracked 
|  47|0x0000000086500000, 0x0000000086500000, 0x0000000086600000|  0%| F|  |TAMS 0x0000000086500000, 0x0000000086500000| Untracked 
|  48|0x0000000086600000, 0x0000000086600000, 0x0000000086700000|  0%| F|  |TAMS 0x0000000086600000, 0x0000000086600000| Untracked 
|  49|0x0000000086700000, 0x0000000086700000, 0x0000000086800000|  0%| F|  |TAMS 0x0000000086700000, 0x0000000086700000| Untracked 
|  50|0x0000000086800000, 0x0000000086800000, 0x0000000086900000|  0%| F|  |TAMS 0x0000000086800000, 0x0000000086800000| Untracked 
|  51|0x0000000086900000, 0x0000000086900000, 0x0000000086a00000|  0%| F|  |TAMS 0x0000000086900000, 0x0000000086900000| Untracked 
|  52|0x0000000086a00000, 0x0000000086a00000, 0x0000000086b00000|  0%| F|  |TAMS 0x0000000086a00000, 0x0000000086a00000| Untracked 
|  53|0x0000000086b00000, 0x0000000086b00000, 0x0000000086c00000|  0%| F|  |TAMS 0x0000000086b00000, 0x0000000086b00000| Untracked 
|  54|0x0000000086c00000, 0x0000000086c00000, 0x0000000086d00000|  0%| F|  |TAMS 0x0000000086c00000, 0x0000000086c00000| Untracked 
|  55|0x0000000086d00000, 0x0000000086d00000, 0x0000000086e00000|  0%| F|  |TAMS 0x0000000086d00000, 0x0000000086d00000| Untracked 
|  56|0x0000000086e00000, 0x0000000086e00000, 0x0000000086f00000|  0%| F|  |TAMS 0x0000000086e00000, 0x0000000086e00000| Untracked 
|  57|0x0000000086f00000, 0x0000000086f00000, 0x0000000087000000|  0%| F|  |TAMS 0x0000000086f00000, 0x0000000086f00000| Untracked 
|  58|0x0000000087000000, 0x0000000087000000, 0x0000000087100000|  0%| F|  |TAMS 0x0000000087000000, 0x0000000087000000| Untracked 
|  59|0x0000000087100000, 0x0000000087100000, 0x0000000087200000|  0%| F|  |TAMS 0x0000000087100000, 0x0000000087100000| Untracked 
|  60|0x0000000087200000, 0x0000000087200000, 0x0000000087300000|  0%| F|  |TAMS 0x0000000087200000, 0x0000000087200000| Untracked 
|  61|0x0000000087300000, 0x0000000087300000, 0x0000000087400000|  0%| F|  |TAMS 0x0000000087300000, 0x0000000087300000| Untracked 
|  62|0x0000000087400000, 0x0000000087400000, 0x0000000087500000|  0%| F|  |TAMS 0x0000000087400000, 0x0000000087400000| Untracked 
|  63|0x0000000087500000, 0x0000000087500000, 0x0000000087600000|  0%| F|  |TAMS 0x0000000087500000, 0x0000000087500000| Untracked 
|  64|0x0000000087600000, 0x0000000087600000, 0x0000000087700000|  0%| F|  |TAMS 0x0000000087600000, 0x0000000087600000| Untracked 
|  65|0x0000000087700000, 0x0000000087700000, 0x0000000087800000|  0%| F|  |TAMS 0x0000000087700000, 0x0000000087700000| Untracked 
|  66|0x0000000087800000, 0x0000000087800800, 0x0000000087900000|  0%| E|  |TAMS 0x0000000087800000, 0x0000000087800000| Complete 
|  67|0x0000000087900000, 0x0000000087a00000, 0x0000000087a00000|100%| E|CS|TAMS 0x0000000087900000, 0x0000000087900000| Complete 
|  68|0x0000000087a00000, 0x0000000087b00000, 0x0000000087b00000|100%| E|CS|TAMS 0x0000000087a00000, 0x0000000087a00000| Complete 
|  69|0x0000000087b00000, 0x0000000087c00000, 0x0000000087c00000|100%| E|CS|TAMS 0x0000000087b00000, 0x0000000087b00000| Complete 
|  70|0x0000000087c00000, 0x0000000087d00000, 0x0000000087d00000|100%| E|CS|TAMS 0x0000000087c00000, 0x0000000087c00000| Complete 
|  71|0x0000000087d00000, 0x0000000087e00000, 0x0000000087e00000|100%| E|CS|TAMS 0x0000000087d00000, 0x0000000087d00000| Complete 
|  72|0x0000000087e00000, 0x0000000087f00000, 0x0000000087f00000|100%| E|CS|TAMS 0x0000000087e00000, 0x0000000087e00000| Complete 
|  73|0x0000000087f00000, 0x0000000088000000, 0x0000000088000000|100%| E|CS|TAMS 0x0000000087f00000, 0x0000000087f00000| Complete 
|  74|0x0000000088000000, 0x0000000088100000, 0x0000000088100000|100%| E|CS|TAMS 0x0000000088000000, 0x0000000088000000| Complete 
|  75|0x0000000088100000, 0x0000000088200000, 0x0000000088200000|100%| E|CS|TAMS 0x0000000088100000, 0x0000000088100000| Complete 
|  76|0x0000000088200000, 0x0000000088300000, 0x0000000088300000|100%| E|CS|TAMS 0x0000000088200000, 0x0000000088200000| Complete 
|  77|0x0000000088300000, 0x0000000088400000, 0x0000000088400000|100%| E|CS|TAMS 0x0000000088300000, 0x0000000088300000| Complete 
|  78|0x0000000088400000, 0x0000000088500000, 0x0000000088500000|100%| E|CS|TAMS 0x0000000088400000, 0x0000000088400000| Complete 
|  79|0x0000000088500000, 0x0000000088600000, 0x0000000088600000|100%| E|CS|TAMS 0x0000000088500000, 0x0000000088500000| Complete 
|  80|0x0000000088600000, 0x0000000088700000, 0x0000000088700000|100%| E|CS|TAMS 0x0000000088600000, 0x0000000088600000| Complete 
|  81|0x0000000088700000, 0x0000000088800000, 0x0000000088800000|100%| E|CS|TAMS 0x0000000088700000, 0x0000000088700000| Complete 
|  82|0x0000000088800000, 0x0000000088900000, 0x0000000088900000|100%| E|CS|TAMS 0x0000000088800000, 0x0000000088800000| Complete 
|  83|0x0000000088900000, 0x0000000088a00000, 0x0000000088a00000|100%| E|CS|TAMS 0x0000000088900000, 0x0000000088900000| Complete 
|  84|0x0000000088a00000, 0x0000000088b00000, 0x0000000088b00000|100%| E|CS|TAMS 0x0000000088a00000, 0x0000000088a00000| Complete 
|  85|0x0000000088b00000, 0x0000000088c00000, 0x0000000088c00000|100%| E|CS|TAMS 0x0000000088b00000, 0x0000000088b00000| Complete 
|  86|0x0000000088c00000, 0x0000000088d00000, 0x0000000088d00000|100%| E|CS|TAMS 0x0000000088c00000, 0x0000000088c00000| Complete 
|  87|0x0000000088d00000, 0x0000000088e00000, 0x0000000088e00000|100%| E|CS|TAMS 0x0000000088d00000, 0x0000000088d00000| Complete 
|  88|0x0000000088e00000, 0x0000000088f00000, 0x0000000088f00000|100%| E|CS|TAMS 0x0000000088e00000, 0x0000000088e00000| Complete 
|  89|0x0000000088f00000, 0x0000000088f294a0, 0x0000000089000000| 16%| S|CS|TAMS 0x0000000088f00000, 0x0000000088f00000| Complete 
|  90|0x0000000089000000, 0x0000000089100000, 0x0000000089100000|100%| S|CS|TAMS 0x0000000089000000, 0x0000000089000000| Complete 
|  91|0x0000000089100000, 0x0000000089200000, 0x0000000089200000|100%| S|CS|TAMS 0x0000000089100000, 0x0000000089100000| Complete 
|  92|0x0000000089200000, 0x0000000089300000, 0x0000000089300000|100%| E|CS|TAMS 0x0000000089200000, 0x0000000089200000| Complete 
|  93|0x0000000089300000, 0x0000000089400000, 0x0000000089400000|100%| E|CS|TAMS 0x0000000089300000, 0x0000000089300000| Complete 
|  94|0x0000000089400000, 0x0000000089500000, 0x0000000089500000|100%| E|CS|TAMS 0x0000000089400000, 0x0000000089400000| Complete 
|  95|0x0000000089500000, 0x0000000089600000, 0x0000000089600000|100%| E|CS|TAMS 0x0000000089500000, 0x0000000089500000| Complete 
|  96|0x0000000089600000, 0x0000000089700000, 0x0000000089700000|100%| E|CS|TAMS 0x0000000089600000, 0x0000000089600000| Complete 
|  97|0x0000000089700000, 0x0000000089800000, 0x0000000089800000|100%| E|CS|TAMS 0x0000000089700000, 0x0000000089700000| Complete 
|  98|0x0000000089800000, 0x0000000089900000, 0x0000000089900000|100%| E|CS|TAMS 0x0000000089800000, 0x0000000089800000| Complete 
|  99|0x0000000089900000, 0x0000000089a00000, 0x0000000089a00000|100%| E|CS|TAMS 0x0000000089900000, 0x0000000089900000| Complete 
| 100|0x0000000089a00000, 0x0000000089b00000, 0x0000000089b00000|100%| E|CS|TAMS 0x0000000089a00000, 0x0000000089a00000| Complete 
| 101|0x0000000089b00000, 0x0000000089c00000, 0x0000000089c00000|100%| E|CS|TAMS 0x0000000089b00000, 0x0000000089b00000| Complete 
| 102|0x0000000089c00000, 0x0000000089d00000, 0x0000000089d00000|100%| E|CS|TAMS 0x0000000089c00000, 0x0000000089c00000| Complete 
| 103|0x0000000089d00000, 0x0000000089e00000, 0x0000000089e00000|100%| E|CS|TAMS 0x0000000089d00000, 0x0000000089d00000| Complete 
| 104|0x0000000089e00000, 0x0000000089f00000, 0x0000000089f00000|100%| E|CS|TAMS 0x0000000089e00000, 0x0000000089e00000| Complete 
| 105|0x0000000089f00000, 0x000000008a000000, 0x000000008a000000|100%| E|CS|TAMS 0x0000000089f00000, 0x0000000089f00000| Complete 
| 106|0x000000008a000000, 0x000000008a100000, 0x000000008a100000|100%| E|CS|TAMS 0x000000008a000000, 0x000000008a000000| Complete 
| 107|0x000000008a100000, 0x000000008a200000, 0x000000008a200000|100%| E|CS|TAMS 0x000000008a100000, 0x000000008a100000| Complete 
| 108|0x000000008a200000, 0x000000008a300000, 0x000000008a300000|100%| E|CS|TAMS 0x000000008a200000, 0x000000008a200000| Complete 
| 109|0x000000008a300000, 0x000000008a400000, 0x000000008a400000|100%| E|CS|TAMS 0x000000008a300000, 0x000000008a300000| Complete 
| 110|0x000000008a400000, 0x000000008a500000, 0x000000008a500000|100%| E|CS|TAMS 0x000000008a400000, 0x000000008a400000| Complete 
| 111|0x000000008a500000, 0x000000008a600000, 0x000000008a600000|100%| E|CS|TAMS 0x000000008a500000, 0x000000008a500000| Complete 
| 112|0x000000008a600000, 0x000000008a700000, 0x000000008a700000|100%| E|CS|TAMS 0x000000008a600000, 0x000000008a600000| Complete 
| 113|0x000000008a700000, 0x000000008a800000, 0x000000008a800000|100%| E|CS|TAMS 0x000000008a700000, 0x000000008a700000| Complete 
| 114|0x000000008a800000, 0x000000008a900000, 0x000000008a900000|100%| E|CS|TAMS 0x000000008a800000, 0x000000008a800000| Complete 
| 115|0x000000008a900000, 0x000000008aa00000, 0x000000008aa00000|100%| E|CS|TAMS 0x000000008a900000, 0x000000008a900000| Complete 
| 116|0x000000008aa00000, 0x000000008ab00000, 0x000000008ab00000|100%| E|CS|TAMS 0x000000008aa00000, 0x000000008aa00000| Complete 
| 117|0x000000008ab00000, 0x000000008ac00000, 0x000000008ac00000|100%| E|CS|TAMS 0x000000008ab00000, 0x000000008ab00000| Complete 
| 118|0x000000008ac00000, 0x000000008ad00000, 0x000000008ad00000|100%| E|CS|TAMS 0x000000008ac00000, 0x000000008ac00000| Complete 
| 119|0x000000008ad00000, 0x000000008ae00000, 0x000000008ae00000|100%| E|CS|TAMS 0x000000008ad00000, 0x000000008ad00000| Complete 
| 120|0x000000008ae00000, 0x000000008af00000, 0x000000008af00000|100%| E|CS|TAMS 0x000000008ae00000, 0x000000008ae00000| Complete 
| 121|0x000000008af00000, 0x000000008b000000, 0x000000008b000000|100%| E|CS|TAMS 0x000000008af00000, 0x000000008af00000| Complete 
| 122|0x000000008b000000, 0x000000008b100000, 0x000000008b100000|100%| E|CS|TAMS 0x000000008b000000, 0x000000008b000000| Complete 
| 123|0x000000008b100000, 0x000000008b200000, 0x000000008b200000|100%| E|CS|TAMS 0x000000008b100000, 0x000000008b100000| Complete 
| 124|0x000000008b200000, 0x000000008b300000, 0x000000008b300000|100%| E|CS|TAMS 0x000000008b200000, 0x000000008b200000| Complete 
| 125|0x000000008b300000, 0x000000008b400000, 0x000000008b400000|100%| E|CS|TAMS 0x000000008b300000, 0x000000008b300000| Complete 

Card table byte_map: [0x0000018534ae0000,0x0000018534ed0000] _byte_map_base: 0x00000185346c5000

Marking Bits (Prev, Next): (CMBitMap*) 0x000001851db90050, (CMBitMap*) 0x000001851db90090
 Prev Bits: [0x00000185352c0000, 0x00000185371e8000)
 Next Bits: [0x00000185371f0000, 0x0000018539118000)

Polling page: 0x000001851d310000

Metaspace:

Usage:
  Non-class:     11.79 MB used.
      Class:      1.52 MB used.
       Both:     13.32 MB used.

Virtual space:
  Non-class space:       16.00 MB reserved,      11.94 MB ( 75%) committed,  2 nodes.
      Class space:        1.00 GB reserved,       1.62 MB ( <1%) committed,  1 nodes.
             Both:        1.02 GB reserved,      13.56 MB (  1%) committed. 

Chunk freelists:
   Non-Class:  3.05 MB
       Class:  2.43 MB
        Both:  5.48 MB

MaxMetaspaceSize: unlimited
CompressedClassSpaceSize: 1.00 GB
Initial GC threshold: 21.00 MB
Current GC threshold: 21.00 MB
CDS: on
MetaspaceReclaimPolicy: balanced
 - commit_granule_bytes: 65536.
 - commit_granule_words: 8192.
 - virtual_space_node_default_size: 1048576.
 - enlarge_chunks_in_place: 1.
 - new_chunks_are_fully_committed: 0.
 - uncommit_free_chunks: 1.
 - use_allocation_guard: 0.
 - handle_deallocations: 1.


Internal statistics:

num_allocs_failed_limit: 0.
num_arena_births: 82.
num_arena_deaths: 0.
num_vsnodes_births: 3.
num_vsnodes_deaths: 0.
num_space_committed: 217.
num_space_uncommitted: 0.
num_chunks_returned_to_freelist: 0.
num_chunks_taken_from_freelist: 543.
num_chunk_merges: 0.
num_chunk_splits: 391.
num_chunks_enlarged: 309.
num_purges: 0.
num_inconsistent_stats: 0.

CodeHeap 'non-profiled nmethods': size=120000Kb used=1695Kb max_used=1695Kb free=118304Kb
 bounds [0x000001852ce80000, 0x000001852d0f0000, 0x00000185343b0000]
CodeHeap 'profiled nmethods': size=120000Kb used=6355Kb max_used=6355Kb free=113644Kb
 bounds [0x0000018525950000, 0x0000018525f90000, 0x000001852ce80000]
CodeHeap 'non-nmethods': size=5760Kb used=1186Kb max_used=1240Kb free=4574Kb
 bounds [0x00000185253b0000, 0x0000018525620000, 0x0000018525950000]
 total_blobs=3712 nmethods=3248 adapters=376
 compilation: enabled
              stopped_count=0, restarted_count=0
 full_count=0

Compilation events (20 events):
Event: 2.983 Thread 0x000001853bb6b080 3238       3       java.lang.invoke.LambdaForm$BasicType::basicType (19 bytes)
Event: 2.984 Thread 0x000001853bb6b080 nmethod 3238 0x0000018525f81c90 code [0x0000018525f81e60, 0x0000018525f820b8]
Event: 2.984 Thread 0x000001853bb6b080 3241       3       java.lang.invoke.MemberName::flagsMods (73 bytes)
Event: 2.984 Thread 0x000001853bb6b080 nmethod 3241 0x0000018525f82210 code [0x0000018525f823a0, 0x0000018525f824d8]
Event: 2.984 Thread 0x000001853bb6b080 3242       3       java.lang.invoke.MemberName::init (67 bytes)
Event: 2.984 Thread 0x000001853bb6b080 nmethod 3242 0x0000018525f82590 code [0x0000018525f82740, 0x0000018525f82978]
Event: 2.984 Thread 0x000001853bb6b080 3243       3       jdk.internal.org.objectweb.asm.MethodWriter::visitCode (1 bytes)
Event: 2.984 Thread 0x000001853bb6b080 nmethod 3243 0x0000018525f82a10 code [0x0000018525f82ba0, 0x0000018525f82cb8]
Event: 3.203 Thread 0x000001853cf783b0 nmethod 3091 0x000001852d01aa90 code [0x000001852d01af60, 0x000001852d0235e0]
Event: 4.841 Thread 0x000001853bb6b080 3244  s    3       java.io.BufferedInputStream::available (35 bytes)
Event: 4.842 Thread 0x000001853bb6b080 nmethod 3244 0x0000018525f82d90 code [0x0000018525f82f60, 0x0000018525f833b8]
Event: 14.286 Thread 0x000001853bb55b20 3245       4       java.io.PrintStream::ensureOpen (18 bytes)
Event: 14.286 Thread 0x000001853bb55b20 nmethod 3245 0x000001852d027b10 code [0x000001852d027c80, 0x000001852d027d18]
Event: 14.286 Thread 0x000001853bb6b080 3246       3       org.fusesource.jansi.FilterPrintStream::write (17 bytes)
Event: 14.287 Thread 0x000001853bb6b080 nmethod 3246 0x0000018525f83510 code [0x0000018525f836c0, 0x0000018525f839b8]
Event: 14.287 Thread 0x000001853bb6b080 3247   !   3       java.io.PrintStream::write (66 bytes)
Event: 14.287 Thread 0x000001853bb6b080 nmethod 3247 0x0000018525f83a90 code [0x0000018525f83ca0, 0x0000018525f843b8]
Event: 14.287 Thread 0x000001853bb6b080 3248  s    3       java.io.BufferedOutputStream::write (35 bytes)
Event: 14.287 Thread 0x000001853bb6b080 nmethod 3248 0x0000018525f84710 code [0x0000018525f848c0, 0x0000018525f84c88]
Event: 14.359 Thread 0x000001853bb55b20 3249  s    4       org.fusesource.jansi.AnsiPrintStream::filter (948 bytes)

GC Heap History (4 events):
Event: 0.644 GC heap before
{Heap before GC invocations=0 (full 0):
 garbage-first heap   total 129024K, used 22528K [0x0000000083600000, 0x0000000100000000)
  region size 1024K, 23 young (23552K), 0 survivors (0K)
 Metaspace       used 4786K, committed 4928K, reserved 1056768K
  class space    used 559K, committed 640K, reserved 1048576K
}
Event: 0.649 GC heap after
{Heap after GC invocations=1 (full 0):
 garbage-first heap   total 129024K, used 3605K [0x0000000083600000, 0x0000000100000000)
  region size 1024K, 3 young (3072K), 3 survivors (3072K)
 Metaspace       used 4786K, committed 4928K, reserved 1056768K
  class space    used 559K, committed 640K, reserved 1048576K
}
Event: 1.538 GC heap before
{Heap before GC invocations=1 (full 0):
 garbage-first heap   total 129024K, used 35349K [0x0000000083600000, 0x0000000100000000)
  region size 1024K, 34 young (34816K), 3 survivors (3072K)
 Metaspace       used 9815K, committed 9920K, reserved 1064960K
  class space    used 1211K, committed 1280K, reserved 1048576K
}
Event: 1.545 GC heap after
{Heap after GC invocations=2 (full 0):
 garbage-first heap   total 129024K, used 5652K [0x0000000083600000, 0x0000000100000000)
  region size 1024K, 3 young (3072K), 3 survivors (3072K)
 Metaspace       used 9815K, committed 9920K, reserved 1064960K
  class space    used 1211K, committed 1280K, reserved 1048576K
}

Deoptimization events (20 events):
Event: 2.942 Thread 0x000001851db33520 Uncommon trap: trap_request=0xffffff76 fr.pc=0x000001852d013f28 relative=0x0000000000000088
Event: 2.942 Thread 0x000001851db33520 Uncommon trap: reason=predicate action=maybe_recompile pc=0x000001852d013f28 method=java.util.TimSort.binarySort([Ljava/lang/Object;IIILjava/util/Comparator;)V @ 34 c2
Event: 2.942 Thread 0x000001851db33520 DEOPT PACKING pc=0x000001852d013f28 sp=0x00000044d6efd390
Event: 2.942 Thread 0x000001851db33520 DEOPT UNPACKING pc=0x0000018525405ba3 sp=0x00000044d6efd340 mode 2
Event: 2.945 Thread 0x000001851db33520 Uncommon trap: trap_request=0xffffff54 fr.pc=0x000001852cfbf4e4 relative=0x0000000000000344
Event: 2.945 Thread 0x000001851db33520 Uncommon trap: reason=speculate_null_assert action=make_not_entrant pc=0x000001852cfbf4e4 method=org.eclipse.sisu.inject.RankedBindings$Itr.hasNext()Z @ 80 c2
Event: 2.945 Thread 0x000001851db33520 DEOPT PACKING pc=0x000001852cfbf4e4 sp=0x00000044d6efdd60
Event: 2.946 Thread 0x000001851db33520 DEOPT UNPACKING pc=0x0000018525405ba3 sp=0x00000044d6efdd38 mode 2
Event: 2.959 Thread 0x000001851db33520 DEOPT PACKING pc=0x0000018525a10934 sp=0x00000044d6ef8150
Event: 2.959 Thread 0x000001851db33520 DEOPT UNPACKING pc=0x00000185254066e3 sp=0x00000044d6ef7588 mode 0
Event: 2.959 Thread 0x000001851db33520 DEOPT PACKING pc=0x0000018525a1054c sp=0x00000044d6ef81c0
Event: 2.959 Thread 0x000001851db33520 DEOPT UNPACKING pc=0x00000185254066e3 sp=0x00000044d6ef7668 mode 0
Event: 2.963 Thread 0x000001851db33520 Uncommon trap: trap_request=0xffffffde fr.pc=0x000001852cff6208 relative=0x0000000000000068
Event: 2.963 Thread 0x000001851db33520 Uncommon trap: reason=class_check action=maybe_recompile pc=0x000001852cff6208 method=org.eclipse.sisu.wire.EntryListAdapter$ValueIterator.hasNext()Z @ 4 c2
Event: 2.963 Thread 0x000001851db33520 DEOPT PACKING pc=0x000001852cff6208 sp=0x00000044d6efe180
Event: 2.963 Thread 0x000001851db33520 DEOPT UNPACKING pc=0x0000018525405ba3 sp=0x00000044d6efe110 mode 2
Event: 2.963 Thread 0x000001851db33520 Uncommon trap: trap_request=0xffffffde fr.pc=0x000001852cff6208 relative=0x0000000000000068
Event: 2.963 Thread 0x000001851db33520 Uncommon trap: reason=class_check action=maybe_recompile pc=0x000001852cff6208 method=org.eclipse.sisu.wire.EntryListAdapter$ValueIterator.hasNext()Z @ 4 c2
Event: 2.963 Thread 0x000001851db33520 DEOPT PACKING pc=0x000001852cff6208 sp=0x00000044d6efe180
Event: 2.963 Thread 0x000001851db33520 DEOPT UNPACKING pc=0x0000018525405ba3 sp=0x00000044d6efe110 mode 2

Classes unloaded (0 events):
No events

Classes redefined (0 events):
No events

Internal exceptions (14 events):
Event: 0.463 Thread 0x000001851db33520 Exception <a 'java/lang/NoSuchMethodError'{0x000000008a593dd0}: 'java.lang.Object java.lang.invoke.DirectMethodHandle$Holder.newInvokeSpecial(java.lang.Object, java.lang.Object, java.lang.Object, java.lang.Object, java.lang.Object)'> (0x000000008a593dd0) 
thrown [s\open\src\hotspot\share\interpreter\linkResolver.cpp, line 759]
Event: 1.496 Thread 0x000001851db33520 Exception <a 'java/lang/NoClassDefFoundError'{0x00000000893ab2f0}: com/google/inject/servlet/ServletModuleTargetVisitor> (0x00000000893ab2f0) 
thrown [s\open\src\hotspot\share\classfile\systemDictionary.cpp, line 245]
Event: 1.496 Thread 0x000001851db33520 Exception <a 'java/lang/NoClassDefFoundError'{0x00000000893ad200}: javax/annotation/Priority> (0x00000000893ad200) 
thrown [s\open\src\hotspot\share\classfile\systemDictionary.cpp, line 245]
Event: 1.591 Thread 0x000001851db33520 Exception <a 'java/lang/NoSuchMethodError'{0x000000008b28a908}: 'java.lang.Object java.lang.invoke.DirectMethodHandle$Holder.invokeStaticInit(java.lang.Object, int, int, int, int)'> (0x000000008b28a908) 
thrown [s\open\src\hotspot\share\interpreter\linkResolver.cpp, line 759]
Event: 2.247 Thread 0x000001851db33520 Implicit null exception at 0x000001852cf03758 to 0x000001852cf037ee
Event: 2.247 Thread 0x000001851db33520 Implicit null exception at 0x000001852cf20b6a to 0x000001852cf20d28
Event: 2.247 Thread 0x000001851db33520 Implicit null exception at 0x000001852cf1eb0f to 0x000001852cf1eb89
Event: 2.494 Thread 0x000001851db33520 Implicit null exception at 0x000001852cf1fa6a to 0x000001852cf1fc24
Event: 2.978 Thread 0x000001851db33520 Exception <a 'java/lang/NoSuchMethodError'{0x0000000087927100}: 'void java.lang.invoke.DirectMethodHandle$Holder.invokeStatic(java.lang.Object, long)'> (0x0000000087927100) 
thrown [s\open\src\hotspot\share\interpreter\linkResolver.cpp, line 759]
Event: 2.979 Thread 0x000001851db33520 Exception <a 'java/lang/NoSuchMethodError'{0x000000008792ca98}: 'java.lang.Object java.lang.invoke.DirectMethodHandle$Holder.newInvokeSpecial(java.lang.Object, long)'> (0x000000008792ca98) 
thrown [s\open\src\hotspot\share\interpreter\linkResolver.cpp, line 759]
Event: 2.980 Thread 0x000001851db33520 Exception <a 'java/lang/NoSuchMethodError'{0x00000000879315b0}: 'java.lang.Object java.lang.invoke.DirectMethodHandle$Holder.invokeStaticInit(java.lang.Object)'> (0x00000000879315b0) 
thrown [s\open\src\hotspot\share\interpreter\linkResolver.cpp, line 759]
Event: 2.982 Thread 0x000001851db33520 Exception <a 'java/lang/NoSuchMethodError'{0x000000008793b2e8}: 'java.lang.Object java.lang.invoke.DirectMethodHandle$Holder.invokeStaticInit(java.lang.Object, java.lang.Object, long, java.lang.Object)'> (0x000000008793b2e8) 
thrown [s\open\src\hotspot\share\interpreter\linkResolver.cpp, line 759]
Event: 2.983 Thread 0x000001851db33520 Exception <a 'java/lang/NoSuchMethodError'{0x00000000879419a8}: 'java.lang.Object java.lang.invoke.DirectMethodHandle$Holder.newInvokeSpecial(java.lang.Object, java.lang.Object, long)'> (0x00000000879419a8) 
thrown [s\open\src\hotspot\share\interpreter\linkResolver.cpp, line 759]
Event: 2.984 Thread 0x000001851db33520 Exception <a 'java/lang/NoSuchMethodError'{0x0000000087945c98}: 'java.lang.Object java.lang.invoke.Invokers$Holder.linkToTargetMethod(java.lang.Object, long, java.lang.Object)'> (0x0000000087945c98) 
thrown [s\open\src\hotspot\share\interpreter\linkResolver.cpp, line 759]

VM Operations (20 events):
Event: 1.576 Executing VM operation: HandshakeAllThreads
Event: 1.576 Executing VM operation: HandshakeAllThreads done
Event: 1.608 Executing VM operation: HandshakeAllThreads
Event: 1.608 Executing VM operation: HandshakeAllThreads done
Event: 2.304 Executing VM operation: ICBufferFull
Event: 2.304 Executing VM operation: ICBufferFull done
Event: 2.570 Executing VM operation: ICBufferFull
Event: 2.570 Executing VM operation: ICBufferFull done
Event: 2.909 Executing VM operation: ICBufferFull
Event: 2.909 Executing VM operation: ICBufferFull done
Event: 2.959 Executing VM operation: HandshakeAllThreads
Event: 2.959 Executing VM operation: HandshakeAllThreads done
Event: 2.959 Executing VM operation: HandshakeAllThreads
Event: 2.959 Executing VM operation: HandshakeAllThreads done
Event: 2.986 Executing VM operation: HandshakeAllThreads
Event: 2.986 Executing VM operation: HandshakeAllThreads done
Event: 3.993 Executing VM operation: Cleanup
Event: 3.993 Executing VM operation: Cleanup done
Event: 4.998 Executing VM operation: Cleanup
Event: 4.998 Executing VM operation: Cleanup done

Events (20 events):
Event: 2.985 loading class java/util/concurrent/SynchronousQueue$TransferStack done
Event: 2.985 loading class java/util/concurrent/SynchronousQueue$TransferStack$SNode
Event: 2.985 loading class java/util/concurrent/ForkJoinPool$ManagedBlocker
Event: 2.985 loading class java/util/concurrent/ForkJoinPool$ManagedBlocker done
Event: 2.985 loading class java/util/concurrent/SynchronousQueue$TransferStack$SNode done
Event: 2.985 loading class java/lang/ProcessImpl$2
Event: 2.985 loading class java/lang/ProcessImpl$2 done
Event: 2.985 loading class java/lang/Process$PipeInputStream
Event: 2.985 loading class java/lang/Process$PipeInputStream done
Event: 2.986 loading class jdk/internal/event/ProcessStartEvent
Event: 2.986 loading class jdk/internal/event/Event
Event: 2.986 loading class jdk/internal/event/Event done
Event: 2.986 loading class jdk/internal/event/ProcessStartEvent done
Event: 2.987 loading class java/io/PipedOutputStream
Event: 2.987 loading class java/io/PipedOutputStream done
Event: 2.988 Thread 0x000001853de56340 Thread added: 0x000001853de56340
Event: 2.988 Thread 0x000001853e0ca710 Thread added: 0x000001853e0ca710
Event: 2.988 Thread 0x000001853e0cabe0 Thread added: 0x000001853e0cabe0
Event: 4.841 Thread 0x000001853db07ed0 Thread exited: 0x000001853db07ed0
Event: 9.852 Thread 0x000001853cf783b0 Thread exited: 0x000001853cf783b0


Dynamic libraries:
0x00007ff7c2d40000 - 0x00007ff7c2d50000 	C:\Program Files\Java\jdk-17.0.5\bin\java.exe
0x00007ff94b360000 - 0x00007ff94b569000 	C:\WINDOWS\SYSTEM32\ntdll.dll
0x00007ff949660000 - 0x00007ff94971e000 	C:\WINDOWS\System32\KERNEL32.DLL
0x00007ff948830000 - 0x00007ff948bab000 	C:\WINDOWS\System32\KERNELBASE.dll
0x00007ff948e40000 - 0x00007ff948f51000 	C:\WINDOWS\System32\ucrtbase.dll
0x00007ff944e20000 - 0x00007ff944e3a000 	C:\Program Files\Java\jdk-17.0.5\bin\VCRUNTIME140.dll
0x00007ff91e2f0000 - 0x00007ff91e308000 	C:\Program Files\Java\jdk-17.0.5\bin\jli.dll
0x00007ff949400000 - 0x00007ff9494ae000 	C:\WINDOWS\System32\ADVAPI32.dll
0x00007ff949aa0000 - 0x00007ff949b43000 	C:\WINDOWS\System32\msvcrt.dll
0x00007ff94a3a0000 - 0x00007ff94a43e000 	C:\WINDOWS\System32\sechost.dll
0x00007ff94a770000 - 0x00007ff94a890000 	C:\WINDOWS\System32\RPCRT4.dll
0x00007ff94b090000 - 0x00007ff94b23d000 	C:\WINDOWS\System32\USER32.dll
0x00007ff948bb0000 - 0x00007ff948bd6000 	C:\WINDOWS\System32\win32u.dll
0x00007ff9280a0000 - 0x00007ff928345000 	C:\WINDOWS\WinSxS\amd64_microsoft.windows.common-controls_6595b64144ccf1df_6.0.22000.120_none_9d947278b86cc467\COMCTL32.dll
0x00007ff94aa80000 - 0x00007ff94aaa9000 	C:\WINDOWS\System32\GDI32.dll
0x00007ff9490c0000 - 0x00007ff9491d8000 	C:\WINDOWS\System32\gdi32full.dll
0x00007ff948f60000 - 0x00007ff948ffd000 	C:\WINDOWS\System32\msvcp_win.dll
0x00007ff9431a0000 - 0x00007ff9431aa000 	C:\WINDOWS\SYSTEM32\VERSION.dll
0x00007ff94aa40000 - 0x00007ff94aa72000 	C:\WINDOWS\System32\IMM32.DLL
0x00007ff944e10000 - 0x00007ff944e1c000 	C:\Program Files\Java\jdk-17.0.5\bin\vcruntime140_1.dll
0x00007ff91f760000 - 0x00007ff91f7ed000 	C:\Program Files\Java\jdk-17.0.5\bin\msvcp140.dll
0x00007ff8c43f0000 - 0x00007ff8c4fb2000 	C:\Program Files\Java\jdk-17.0.5\bin\server\jvm.dll
0x00007ff949570000 - 0x00007ff949578000 	C:\WINDOWS\System32\PSAPI.DLL
0x00007ff944e40000 - 0x00007ff944e49000 	C:\WINDOWS\SYSTEM32\WSOCK32.dll
0x00007ff9425a0000 - 0x00007ff9425d3000 	C:\WINDOWS\SYSTEM32\WINMM.dll
0x00007ff949580000 - 0x00007ff9495ef000 	C:\WINDOWS\System32\WS2_32.dll
0x00007ff9478b0000 - 0x00007ff9478c8000 	C:\WINDOWS\SYSTEM32\kernel.appcore.dll
0x00007ff9433b0000 - 0x00007ff9433ba000 	C:\Program Files\Java\jdk-17.0.5\bin\jimage.dll
0x00007ff946570000 - 0x00007ff946791000 	C:\WINDOWS\SYSTEM32\DBGHELP.DLL
0x00007ff92b280000 - 0x00007ff92b2b1000 	C:\WINDOWS\SYSTEM32\dbgcore.DLL
0x00007ff948c50000 - 0x00007ff948ccf000 	C:\WINDOWS\System32\bcryptPrimitives.dll
0x00007ff9345a0000 - 0x00007ff9345c5000 	C:\Program Files\Java\jdk-17.0.5\bin\java.dll
0x00007ff91f9a0000 - 0x00007ff91fa76000 	C:\Program Files\Java\jdk-17.0.5\bin\jsvml.dll
0x00007ff949b50000 - 0x00007ff94a308000 	C:\WINDOWS\System32\SHELL32.dll
0x00007ff946920000 - 0x00007ff947185000 	C:\WINDOWS\SYSTEM32\windows.storage.dll
0x00007ff949720000 - 0x00007ff949a98000 	C:\WINDOWS\System32\combase.dll
0x00007ff9467b0000 - 0x00007ff946916000 	C:\WINDOWS\SYSTEM32\wintypes.dll
0x00007ff94a680000 - 0x00007ff94a76a000 	C:\WINDOWS\System32\SHCORE.dll
0x00007ff94b2c0000 - 0x00007ff94b31d000 	C:\WINDOWS\System32\shlwapi.dll
0x00007ff948760000 - 0x00007ff948781000 	C:\WINDOWS\SYSTEM32\profapi.dll
0x00007ff932150000 - 0x00007ff932169000 	C:\Program Files\Java\jdk-17.0.5\bin\net.dll
0x00007ff942e30000 - 0x00007ff942f44000 	C:\WINDOWS\SYSTEM32\WINHTTP.dll
0x00007ff947d50000 - 0x00007ff947db7000 	C:\WINDOWS\system32\mswsock.dll
0x00007ff920fb0000 - 0x00007ff920fc6000 	C:\Program Files\Java\jdk-17.0.5\bin\nio.dll
0x00007ff91f980000 - 0x00007ff91f998000 	C:\Program Files\Java\jdk-17.0.5\bin\zip.dll
0x00007ff9433a0000 - 0x00007ff9433b0000 	C:\Program Files\Java\jdk-17.0.5\bin\verify.dll
0x00007ff944000000 - 0x00007ff94400a000 	C:\Program Files\NetBeans-12.0\netbeans\java\maven\lib\jansi-native\windows64\jansi.dll

dbghelp: loaded successfully - version: 4.0.5 - missing functions: none
symbol engine: initialized successfully - sym options: 0x614 - pdb path: .;C:\Program Files\Java\jdk-17.0.5\bin;C:\WINDOWS\SYSTEM32;C:\WINDOWS\WinSxS\amd64_microsoft.windows.common-controls_6595b64144ccf1df_6.0.22000.120_none_9d947278b86cc467;C:\Program Files\Java\jdk-17.0.5\bin\server;C:\Program Files\NetBeans-12.0\netbeans\java\maven\lib\jansi-native\windows64

VM Arguments:
jvm_args: -Dclassworlds.conf=C:\Program Files\NetBeans-12.0\netbeans\java\maven\bin\..\bin\m2.conf -Dmaven.home=C:\Program Files\NetBeans-12.0\netbeans\java\maven\bin\.. -Dlibrary.jansi.path=C:\Program Files\NetBeans-12.0\netbeans\java\maven\bin\..\lib\jansi-native -Dmaven.multiModuleProjectDirectory=C:\Users\FPT SHOP\OneDrive\Desktop\PRO1041_DUAN1_BLOCK2 (1)\PRO1041_DUAN1_BLOCK2 
java_command: org.codehaus.plexus.classworlds.launcher.Launcher -Dexec.args=-classpath %classpath view.GiaoDienQuanLy -Dexec.executable=C:\Program Files\Java\jdk-17.0.5\bin\java.exe -Dmaven.ext.class.path=C:\Program Files\NetBeans-12.0\netbeans\java\maven-nblib\netbeans-eventspy.jar -Dfile.encoding=UTF-8 org.codehaus.mojo:exec-maven-plugin:1.5.0:exec
java_class_path (initial): C:\Program Files\NetBeans-12.0\netbeans\java\maven\bin\..\boot\plexus-classworlds-2.6.0.jar
Launcher Type: SUN_STANDARD

[Global flags]
     intx CICompilerCount                          = 4                                         {product} {ergonomic}
     uint ConcGCThreads                            = 2                                         {product} {ergonomic}
     uint G1ConcRefinementThreads                  = 8                                         {product} {ergonomic}
   size_t G1HeapRegionSize                         = 1048576                                   {product} {ergonomic}
    uintx GCDrainStackTargetSize                   = 64                                        {product} {ergonomic}
   size_t InitialHeapSize                          = 132120576                                 {product} {ergonomic}
   size_t MarkStackSize                            = 4194304                                   {product} {ergonomic}
   size_t MaxHeapSize                              = 2090860544                                {product} {ergonomic}
   size_t MaxNewSize                               = 1254096896                                {product} {ergonomic}
   size_t MinHeapDeltaBytes                        = 1048576                                   {product} {ergonomic}
   size_t MinHeapSize                              = 8388608                                   {product} {ergonomic}
    uintx NonNMethodCodeHeapSize                   = 5839372                                {pd product} {ergonomic}
    uintx NonProfiledCodeHeapSize                  = 122909434                              {pd product} {ergonomic}
    uintx ProfiledCodeHeapSize                     = 122909434                              {pd product} {ergonomic}
    uintx ReservedCodeCacheSize                    = 251658240                              {pd product} {ergonomic}
     bool SegmentedCodeCache                       = true                                      {product} {ergonomic}
   size_t SoftMaxHeapSize                          = 2090860544                             {manageable} {ergonomic}
     bool UseCompressedClassPointers               = true                           {product lp64_product} {ergonomic}
     bool UseCompressedOops                        = true                           {product lp64_product} {ergonomic}
     bool UseG1GC                                  = true                                      {product} {ergonomic}
     bool UseLargePagesIndividualAllocation        = false                                  {pd product} {ergonomic}

Logging:
Log output configuration:
 #0: stdout all=warning uptime,level,tags
 #1: stderr all=off uptime,level,tags

Environment Variables:
JAVA_HOME=C:\Program Files\Java\jdk-17.0.5
PATH=C:\Program Files\Common Files\Oracle\Java\javapath;C:\Program Files (x86)\Common Files\Oracle\Java\javapath;C:\Windows\system32;C:\Windows;C:\Windows\System32\Wbem;C:\Windows\System32\WindowsPowerShell\v1.0\;C:\Windows\System32\OpenSSH\;C:\Program Files (x86)\NVIDIA Corporation\PhysX\Common;C:\Program Files\NVIDIA Corporation\NVIDIA NvDLISR\;C:\Program Files\Java\jdk1.8.0_311\bin;.;C:\WINDOWS\system32;C:\WINDOWS;C:\WINDOWS\System32\Wbem;C:\WINDOWS\System32\WindowsPowerShell\v1.0\;C:\WINDOWS\System32\OpenSSH\;C:\Program Files\Microsoft SQL Server\Client SDK\ODBC\170\Tools\Binn\;C:\Program Files (x86)\Microsoft SQL Server\150\Tools\Binn\;C:\Program Files\Microsoft SQL Server\150\Tools\Binn\;C:\Program Files\Microsoft SQL Server\150\DTS\Binn\;C:\Program Files\Azure Data Studio\bin;C:\Program Files (x86)\Microsoft SQL Server\150\DTS\Binn\;C:\Program Files\Git\cmd;C:\Users\FPT SHOP\AppData\Local\Microsoft\WindowsApps;C:\Program Files\Azure Data Studio\bin;C:\Users\FPT SHOP\AppData\Local\Programs\Microsoft VS Code\bin;C:\Users\FPT SHOP\AppData\Local\GitHubDesktop\bin
USERNAME=Hoang
OS=Windows_NT
PROCESSOR_IDENTIFIER=Intel64 Family 6 Model 126 Stepping 5, GenuineIntel



---------------  S Y S T E M  ---------------

OS:
 Windows 11 , 64 bit Build 22000 (10.0.22000.1219)
OS uptime: 0 days 4:10 hours

CPU: total 8 (initial active 8) (4 cores per cpu, 2 threads per core) family 6 model 126 stepping 5 microcode 0x86, cx8, cmov, fxsr, ht, mmx, 3dnowpref, sse, sse2, sse3, ssse3, sse4.1, sse4.2, popcnt, lzcnt, tsc, tscinvbit, avx, avx2, aes, erms, clmul, bmi1, bmi2, adx, avx512f, avx512dq, avx512cd, avx512bw, avx512vl, sha, fma, vzeroupper, avx512_vpopcntdq, avx512_vpclmulqdq, avx512_vaes, avx512_vnni, clflush, clflushopt, avx512_vbmi2, avx512_vbmi

Memory: 4k page, system-wide physical 7969M (592M free)
TotalPageFile size 12065M (AvailPageFile size 0M)
current process WorkingSet (physical memory assigned to process): 124M, peak: 146M
current process commit charge ("private bytes"): 236M, peak: 257M

vm_info: Java HotSpot(TM) 64-Bit Server VM (17.0.5+9-LTS-191) for windows-amd64 JRE (17.0.5+9-LTS-191), built on Sep 13 2022 17:31:43 by "mach5one" with MS VC++ 16.8 / 16.9 (VS2019)

END.
